{"meta": {"format": 3, "version": "7.10.7", "timestamp": "2025-10-21T13:56:20.486994", "branch_coverage": false, "show_contexts": false}, "files": {"data_loader/__init__.py": {"executed_lines": [1], "summary": {"covered_lines": 0, "num_statements": 0, "percent_covered": 100.0, "percent_covered_display": "100", "missing_lines": 0, "excluded_lines": 0}, "missing_lines": [], "excluded_lines": [], "functions": {"": {"executed_lines": [1], "summary": {"covered_lines": 0, "num_statements": 0, "percent_covered": 100.0, "percent_covered_display": "100", "missing_lines": 0, "excluded_lines": 0}, "missing_lines": [], "excluded_lines": []}}, "classes": {"": {"executed_lines": [1], "summary": {"covered_lines": 0, "num_statements": 0, "percent_covered": 100.0, "percent_covered_display": "100", "missing_lines": 0, "excluded_lines": 0}, "missing_lines": [], "excluded_lines": []}}}, "data_loader/base.py": {"executed_lines": [3, 4, 5, 6, 9, 10, 12, 13, 17, 18, 22, 34, 35, 37, 39, 41, 46, 47, 48], "summary": {"covered_lines": 16, "num_statements": 22, "percent_covered": 72.72727272727273, "percent_covered_display": "73", "missing_lines": 6, "excluded_lines": 0}, "missing_lines": [15, 20, 24, 25, 27, 43], "excluded_lines": [], "functions": {"DataLoader.load": {"executed_lines": [], "summary": {"covered_lines": 0, "num_statements": 1, "percent_covered": 0.0, "percent_covered_display": "0", "missing_lines": 1, "excluded_lines": 0}, "missing_lines": [15], "excluded_lines": []}, "DataLoader.validate_source": {"executed_lines": [], "summary": {"covered_lines": 0, "num_statements": 1, "percent_covered": 0.0, "percent_covered_display": "0", "missing_lines": 1, "excluded_lines": 0}, "missing_lines": [20], "excluded_lines": []}, "DataLoader._create_recipient": {"executed_lines": [], "summary": {"covered_lines": 0, "num_statements": 3, "percent_covered": 0.0, "percent_covered_display": "0", "missing_lines": 3, "excluded_lines": 0}, "missing_lines": [24, 25, 27], "excluded_lines": []}, "BaseDataLoader.load": {"executed_lines": [39], "summary": {"covered_lines": 1, "num_statements": 1, "percent_covered": 100.0, "percent_covered_display": "100", "missing_lines": 0, "excluded_lines": 0}, "missing_lines": [], "excluded_lines": []}, "BaseDataLoader.validate_source": {"executed_lines": [], "summary": {"covered_lines": 0, "num_statements": 1, "percent_covered": 0.0, "percent_covered_display": "0", "missing_lines": 1, "excluded_lines": 0}, "missing_lines": [43], "excluded_lines": []}, "": {"executed_lines": [3, 4, 5, 6, 9, 10, 12, 13, 17, 18, 22, 34, 35, 37, 41, 46, 47, 48], "summary": {"covered_lines": 15, "num_statements": 15, "percent_covered": 100.0, "percent_covered_display": "100", "missing_lines": 0, "excluded_lines": 0}, "missing_lines": [], "excluded_lines": []}}, "classes": {"DataLoader": {"executed_lines": [], "summary": {"covered_lines": 0, "num_statements": 5, "percent_covered": 0.0, "percent_covered_display": "0", "missing_lines": 5, "excluded_lines": 0}, "missing_lines": [15, 20, 24, 25, 27], "excluded_lines": []}, "BaseDataLoader": {"executed_lines": [39], "summary": {"covered_lines": 1, "num_statements": 2, "percent_covered": 50.0, "percent_covered_display": "50", "missing_lines": 1, "excluded_lines": 0}, "missing_lines": [43], "excluded_lines": []}, "LoaderError": {"executed_lines": [], "summary": {"covered_lines": 0, "num_statements": 0, "percent_covered": 100.0, "percent_covered_display": "100", "missing_lines": 0, "excluded_lines": 0}, "missing_lines": [], "excluded_lines": []}, "": {"executed_lines": [3, 4, 5, 6, 9, 10, 12, 13, 17, 18, 22, 34, 35, 37, 41, 46, 47, 48], "summary": {"covered_lines": 15, "num_statements": 15, "percent_covered": 100.0, "percent_covered_display": "100", "missing_lines": 0, "excluded_lines": 0}, "missing_lines": [], "excluded_lines": []}}}, "data_loader/csv_loader.py": {"executed_lines": [3, 4, 5, 6, 7, 9, 10, 13, 14, 15, 20, 21, 23, 27, 29, 31, 32, 33, 36, 37, 41, 42, 45, 47, 49, 50, 52, 54, 55, 57, 58, 59, 62, 65, 66, 67, 69, 70, 71, 72, 73, 74, 81, 82, 85, 86, 87, 88, 90, 91, 92, 96, 97, 98, 99, 100, 102, 103, 105, 106, 108, 110, 113, 116, 118], "summary": {"covered_lines": 64, "num_statements": 73, "percent_covered": 87.67123287671232, "percent_covered_display": "88", "missing_lines": 9, "excluded_lines": 0}, "missing_lines": [16, 17, 25, 38, 43, 75, 77, 78, 93], "excluded_lines": [], "functions": {"CSVLoader.validate_source": {"executed_lines": [], "summary": {"covered_lines": 0, "num_statements": 1, "percent_covered": 0.0, "percent_covered_display": "0", "missing_lines": 1, "excluded_lines": 0}, "missing_lines": [25], "excluded_lines": []}, "CSVLoader._find_email_field": {"executed_lines": [29, 31, 32, 33, 36, 37, 41, 42, 45], "summary": {"covered_lines": 9, "num_statements": 11, "percent_covered": 81.81818181818181, "percent_covered_display": "82", "missing_lines": 2, "excluded_lines": 0}, "missing_lines": [38, 43], "excluded_lines": []}, "CSVLoader.load": {"executed_lines": [49, 50, 52, 54, 55, 57, 58, 59, 62, 65, 66, 67, 69, 70, 71, 72, 73, 74, 81, 82, 85, 86, 87, 88, 90, 91, 92, 96, 97, 98, 99, 100, 102, 103, 105, 106, 108], "summary": {"covered_lines": 37, "num_statements": 41, "percent_covered": 90.2439024390244, "percent_covered_display": "90", "missing_lines": 4, "excluded_lines": 0}, "missing_lines": [75, 77, 78, 93], "excluded_lines": []}, "CSVLoader._create_recipient": {"executed_lines": [113, 116, 118], "summary": {"covered_lines": 3, "num_statements": 3, "percent_covered": 100.0, "percent_covered_display": "100", "missing_lines": 0, "excluded_lines": 0}, "missing_lines": [], "excluded_lines": []}, "": {"executed_lines": [3, 4, 5, 6, 7, 9, 10, 13, 14, 15, 20, 21, 23, 27, 47, 110], "summary": {"covered_lines": 15, "num_statements": 17, "percent_covered": 88.23529411764706, "percent_covered_display": "88", "missing_lines": 2, "excluded_lines": 0}, "missing_lines": [16, 17], "excluded_lines": []}}, "classes": {"CSVLoader": {"executed_lines": [29, 31, 32, 33, 36, 37, 41, 42, 45, 49, 50, 52, 54, 55, 57, 58, 59, 62, 65, 66, 67, 69, 70, 71, 72, 73, 74, 81, 82, 85, 86, 87, 88, 90, 91, 92, 96, 97, 98, 99, 100, 102, 103, 105, 106, 108, 113, 116, 118], "summary": {"covered_lines": 49, "num_statements": 56, "percent_covered": 87.5, "percent_covered_display": "88", "missing_lines": 7, "excluded_lines": 0}, "missing_lines": [25, 38, 43, 75, 77, 78, 93], "excluded_lines": []}, "": {"executed_lines": [3, 4, 5, 6, 7, 9, 10, 13, 14, 15, 20, 21, 23, 27, 47, 110], "summary": {"covered_lines": 15, "num_statements": 17, "percent_covered": 88.23529411764706, "percent_covered_display": "88", "missing_lines": 2, "excluded_lines": 0}, "missing_lines": [16, 17], "excluded_lines": []}}}, "data_loader/excel_loader.py": {"executed_lines": [3, 4, 5, 7, 8, 11, 12, 13, 18, 19, 21, 29, 31, 34, 35, 37, 38, 39, 42, 43, 44, 47, 48, 51, 54, 55, 58, 59, 63, 64, 65, 66, 68, 69, 71, 76, 78, 80, 81, 82, 91, 94, 97, 99], "summary": {"covered_lines": 43, "num_statements": 58, "percent_covered": 74.13793103448276, "percent_covered_display": "74", "missing_lines": 15, "excluded_lines": 0}, "missing_lines": [14, 15, 23, 24, 26, 32, 49, 56, 60, 73, 74, 85, 86, 87, 89], "excluded_lines": [], "functions": {"ExcelLoader.validate_source": {"executed_lines": [], "summary": {"covered_lines": 0, "num_statements": 3, "percent_covered": 0.0, "percent_covered_display": "0", "missing_lines": 3, "excluded_lines": 0}, "missing_lines": [23, 24, 26], "excluded_lines": []}, "ExcelLoader.load": {"executed_lines": [31, 34, 35, 37, 38, 39, 42, 43, 44, 47, 48, 51, 54, 55, 58, 59, 63, 64, 65, 66, 68, 69, 71], "summary": {"covered_lines": 23, "num_statements": 29, "percent_covered": 79.3103448275862, "percent_covered_display": "79", "missing_lines": 6, "excluded_lines": 0}, "missing_lines": [32, 49, 56, 60, 73, 74], "excluded_lines": []}, "ExcelLoader._find_email_column": {"executed_lines": [78, 80, 81, 82], "summary": {"covered_lines": 4, "num_statements": 8, "percent_covered": 50.0, "percent_covered_display": "50", "missing_lines": 4, "excluded_lines": 0}, "missing_lines": [85, 86, 87, 89], "excluded_lines": []}, "ExcelLoader._create_recipient": {"executed_lines": [94, 97, 99], "summary": {"covered_lines": 3, "num_statements": 3, "percent_covered": 100.0, "percent_covered_display": "100", "missing_lines": 0, "excluded_lines": 0}, "missing_lines": [], "excluded_lines": []}, "": {"executed_lines": [3, 4, 5, 7, 8, 11, 12, 13, 18, 19, 21, 29, 76, 91], "summary": {"covered_lines": 13, "num_statements": 15, "percent_covered": 86.66666666666667, "percent_covered_display": "87", "missing_lines": 2, "excluded_lines": 0}, "missing_lines": [14, 15], "excluded_lines": []}}, "classes": {"ExcelLoader": {"executed_lines": [31, 34, 35, 37, 38, 39, 42, 43, 44, 47, 48, 51, 54, 55, 58, 59, 63, 64, 65, 66, 68, 69, 71, 78, 80, 81, 82, 94, 97, 99], "summary": {"covered_lines": 30, "num_statements": 43, "percent_covered": 69.76744186046511, "percent_covered_display": "70", "missing_lines": 13, "excluded_lines": 0}, "missing_lines": [23, 24, 26, 32, 49, 56, 60, 73, 74, 85, 86, 87, 89], "excluded_lines": []}, "": {"executed_lines": [3, 4, 5, 7, 8, 11, 12, 13, 18, 19, 21, 29, 76, 91], "summary": {"covered_lines": 13, "num_statements": 15, "percent_covered": 86.66666666666667, "percent_covered_display": "87", "missing_lines": 2, "excluded_lines": 0}, "missing_lines": [14, 15], "excluded_lines": []}}}, "data_loader/streaming.py": {"executed_lines": [3, 4, 5, 6, 7, 8, 11, 12, 14, 18, 43, 59, 60, 62, 64, 65, 66, 68, 69, 72, 73, 75, 77, 79, 81, 82, 84, 85, 86, 89], "summary": {"covered_lines": 28, "num_statements": 54, "percent_covered": 51.851851851851855, "percent_covered_display": "52", "missing_lines": 26, "excluded_lines": 0}, "missing_lines": [16, 20, 21, 23, 25, 26, 28, 30, 32, 33, 34, 36, 37, 38, 40, 41, 45, 47, 48, 50, 51, 52, 55, 56, 70, 90], "excluded_lines": [], "functions": {"StreamingCSVLoader.__init__": {"executed_lines": [], "summary": {"covered_lines": 0, "num_statements": 1, "percent_covered": 0.0, "percent_covered_display": "0", "missing_lines": 1, "excluded_lines": 0}, "missing_lines": [16], "excluded_lines": []}, "StreamingCSVLoader.load_stream": {"executed_lines": [], "summary": {"covered_lines": 0, "num_statements": 15, "percent_covered": 0.0, "percent_covered_display": "0", "missing_lines": 15, "excluded_lines": 0}, "missing_lines": [20, 21, 23, 25, 26, 28, 30, 32, 33, 34, 36, 37, 38, 40, 41], "excluded_lines": []}, "StreamingCSVLoader.load_chunks": {"executed_lines": [], "summary": {"covered_lines": 0, "num_statements": 8, "percent_covered": 0.0, "percent_covered_display": "0", "missing_lines": 8, "excluded_lines": 0}, "missing_lines": [45, 47, 48, 50, 51, 52, 55, 56], "excluded_lines": []}, "StreamingDataLoader.stream": {"executed_lines": [64, 65, 66, 68, 69, 72, 73, 75], "summary": {"covered_lines": 8, "num_statements": 9, "percent_covered": 88.88888888888889, "percent_covered_display": "89", "missing_lines": 1, "excluded_lines": 0}, "missing_lines": [70], "excluded_lines": []}, "StreamingDataLoader.batch_stream": {"executed_lines": [79, 81, 82, 84, 85, 86, 89], "summary": {"covered_lines": 7, "num_statements": 8, "percent_covered": 87.5, "percent_covered_display": "88", "missing_lines": 1, "excluded_lines": 0}, "missing_lines": [90], "excluded_lines": []}, "": {"executed_lines": [3, 4, 5, 6, 7, 8, 11, 12, 14, 18, 43, 59, 60, 62, 77], "summary": {"covered_lines": 13, "num_statements": 13, "percent_covered": 100.0, "percent_covered_display": "100", "missing_lines": 0, "excluded_lines": 0}, "missing_lines": [], "excluded_lines": []}}, "classes": {"StreamingCSVLoader": {"executed_lines": [], "summary": {"covered_lines": 0, "num_statements": 24, "percent_covered": 0.0, "percent_covered_display": "0", "missing_lines": 24, "excluded_lines": 0}, "missing_lines": [16, 20, 21, 23, 25, 26, 28, 30, 32, 33, 34, 36, 37, 38, 40, 41, 45, 47, 48, 50, 51, 52, 55, 56], "excluded_lines": []}, "StreamingDataLoader": {"executed_lines": [64, 65, 66, 68, 69, 72, 73, 75, 79, 81, 82, 84, 85, 86, 89], "summary": {"covered_lines": 15, "num_statements": 17, "percent_covered": 88.23529411764706, "percent_covered_display": "88", "missing_lines": 2, "excluded_lines": 0}, "missing_lines": [70, 90], "excluded_lines": []}, "": {"executed_lines": [3, 4, 5, 6, 7, 8, 11, 12, 14, 18, 43, 59, 60, 62, 77], "summary": {"covered_lines": 13, "num_statements": 13, "percent_covered": 100.0, "percent_covered_display": "100", "missing_lines": 0, "excluded_lines": 0}, "missing_lines": [], "excluded_lines": []}}}, "mailing/__init__.py": {"executed_lines": [1], "summary": {"covered_lines": 0, "num_statements": 0, "percent_covered": 100.0, "percent_covered_display": "100", "missing_lines": 0, "excluded_lines": 0}, "missing_lines": [], "excluded_lines": [], "functions": {"": {"executed_lines": [1], "summary": {"covered_lines": 0, "num_statements": 0, "percent_covered": 100.0, "percent_covered_display": "100", "missing_lines": 0, "excluded_lines": 0}, "missing_lines": [], "excluded_lines": []}}, "classes": {"": {"executed_lines": [1], "summary": {"covered_lines": 0, "num_statements": 0, "percent_covered": 100.0, "percent_covered_display": "100", "missing_lines": 0, "excluded_lines": 0}, "missing_lines": [], "excluded_lines": []}}}, "mailing/cli.py": {"executed_lines": [3, 4, 5, 6, 7, 8, 9, 10, 11, 12, 13, 14, 16, 19, 21, 23, 24, 25, 27, 29, 30, 31, 32, 33, 34, 35, 36, 38, 39, 42, 44, 45, 47, 48, 49, 50, 51, 52, 54, 59, 61, 64, 72, 73, 74, 75, 78, 79, 80, 81, 82, 83, 86, 89, 97, 98, 99, 100, 101, 102, 103, 104, 105, 106, 109], "summary": {"covered_lines": 65, "num_statements": 73, "percent_covered": 89.04109589041096, "percent_covered_display": "89", "missing_lines": 8, "excluded_lines": 0}, "missing_lines": [111, 112, 113, 115, 116, 117, 118, 120], "excluded_lines": [], "functions": {"load_recipients": {"executed_lines": [21, 23, 24, 25, 27, 29, 30, 31, 32, 33, 34, 35, 36, 38, 39], "summary": {"covered_lines": 15, "num_statements": 15, "percent_covered": 100.0, "percent_covered_display": "100", "missing_lines": 0, "excluded_lines": 0}, "missing_lines": [], "excluded_lines": []}, "load_json_recipients": {"executed_lines": [44, 45, 47, 48, 49, 50, 51, 52, 54, 59, 61], "summary": {"covered_lines": 11, "num_statements": 11, "percent_covered": 100.0, "percent_covered_display": "100", "missing_lines": 0, "excluded_lines": 0}, "missing_lines": [], "excluded_lines": []}, "send_all": {"executed_lines": [72, 73, 74, 75, 78, 79, 80, 81, 82, 83, 86, 89, 97, 98, 99, 100, 101, 102, 103, 104, 105, 106], "summary": {"covered_lines": 22, "num_statements": 22, "percent_covered": 100.0, "percent_covered_display": "100", "missing_lines": 0, "excluded_lines": 0}, "missing_lines": [], "excluded_lines": []}, "": {"executed_lines": [3, 4, 5, 6, 7, 8, 9, 10, 11, 12, 13, 14, 16, 19, 42, 64, 109], "summary": {"covered_lines": 17, "num_statements": 25, "percent_covered": 68.0, "percent_covered_display": "68", "missing_lines": 8, "excluded_lines": 0}, "missing_lines": [111, 112, 113, 115, 116, 117, 118, 120], "excluded_lines": []}}, "classes": {"": {"executed_lines": [3, 4, 5, 6, 7, 8, 9, 10, 11, 12, 13, 14, 16, 19, 21, 23, 24, 25, 27, 29, 30, 31, 32, 33, 34, 35, 36, 38, 39, 42, 44, 45, 47, 48, 49, 50, 51, 52, 54, 59, 61, 64, 72, 73, 74, 75, 78, 79, 80, 81, 82, 83, 86, 89, 97, 98, 99, 100, 101, 102, 103, 104, 105, 106, 109], "summary": {"covered_lines": 65, "num_statements": 73, "percent_covered": 89.04109589041096, "percent_covered_display": "89", "missing_lines": 8, "excluded_lines": 0}, "missing_lines": [111, 112, 113, 115, 116, 117, 118, 120], "excluded_lines": []}}}, "mailing/config.py": {"executed_lines": [3, 4, 5, 6, 7, 9, 11, 12, 13, 16, 17, 18, 19, 22, 23, 24, 25, 26, 29, 30, 32, 34, 35, 36, 37, 38, 41, 42, 43, 46, 47, 50, 52, 53, 55, 57, 69, 72], "summary": {"covered_lines": 37, "num_statements": 39, "percent_covered": 94.87179487179488, "percent_covered_display": "95", "missing_lines": 2, "excluded_lines": 0}, "missing_lines": [44, 54], "excluded_lines": [], "functions": {"Settings.__post_init__": {"executed_lines": [34, 35, 36, 37, 38, 41, 42, 43], "summary": {"covered_lines": 8, "num_statements": 9, "percent_covered": 88.88888888888889, "percent_covered_display": "89", "missing_lines": 1, "excluded_lines": 0}, "missing_lines": [44], "excluded_lines": []}, "Settings.load": {"executed_lines": [50, 57], "summary": {"covered_lines": 2, "num_statements": 2, "percent_covered": 100.0, "percent_covered_display": "100", "missing_lines": 0, "excluded_lines": 0}, "missing_lines": [], "excluded_lines": []}, "Settings.load._get": {"executed_lines": [52, 53, 55], "summary": {"covered_lines": 3, "num_statements": 4, "percent_covered": 75.0, "percent_covered_display": "75", "missing_lines": 1, "excluded_lines": 0}, "missing_lines": [54], "excluded_lines": []}, "": {"executed_lines": [3, 4, 5, 6, 7, 9, 11, 12, 13, 16, 17, 18, 19, 22, 23, 24, 25, 26, 29, 30, 32, 46, 47, 69, 72], "summary": {"covered_lines": 24, "num_statements": 24, "percent_covered": 100.0, "percent_covered_display": "100", "missing_lines": 0, "excluded_lines": 0}, "missing_lines": [], "excluded_lines": []}}, "classes": {"Settings": {"executed_lines": [34, 35, 36, 37, 38, 41, 42, 43, 50, 52, 53, 55, 57], "summary": {"covered_lines": 13, "num_statements": 15, "percent_covered": 86.66666666666667, "percent_covered_display": "87", "missing_lines": 2, "excluded_lines": 0}, "missing_lines": [44, 54], "excluded_lines": []}, "": {"executed_lines": [3, 4, 5, 6, 7, 9, 11, 12, 13, 16, 17, 18, 19, 22, 23, 24, 25, 26, 29, 30, 32, 46, 47, 69, 72], "summary": {"covered_lines": 24, "num_statements": 24, "percent_covered": 100.0, "percent_covered_display": "100", "missing_lines": 0, "excluded_lines": 0}, "missing_lines": [], "excluded_lines": []}}}, "mailing/limits/daily_quota.py": {"executed_lines": [3, 4, 5, 6, 7, 8, 10, 13, 14, 15, 17, 18, 19, 21, 23, 24, 25, 26, 28, 30, 31, 32, 39, 41, 43, 44, 46, 47, 51, 53, 54, 63, 65, 67, 69, 72, 75, 76, 77, 81, 83, 92, 101], "summary": {"covered_lines": 42, "num_statements": 59, "percent_covered": 71.1864406779661, "percent_covered_display": "71", "missing_lines": 17, "excluded_lines": 0}, "missing_lines": [57, 61, 70, 85, 87, 88, 90, 94, 96, 97, 99, 103, 104, 106, 107, 108, 112], "excluded_lines": [], "functions": {"DailyQuota.__init__": {"executed_lines": [23, 24, 25, 26], "summary": {"covered_lines": 4, "num_statements": 4, "percent_covered": 100.0, "percent_covered_display": "100", "missing_lines": 0, "excluded_lines": 0}, "missing_lines": [], "excluded_lines": []}, "DailyQuota._init_db": {"executed_lines": [30, 31, 32, 39], "summary": {"covered_lines": 4, "num_statements": 4, "percent_covered": 100.0, "percent_covered_display": "100", "missing_lines": 0, "excluded_lines": 0}, "missing_lines": [], "excluded_lines": []}, "DailyQuota.load": {"executed_lines": [43, 44, 46, 47, 51, 53, 54, 63], "summary": {"covered_lines": 8, "num_statements": 10, "percent_covered": 80.0, "percent_covered_display": "80", "missing_lines": 2, "excluded_lines": 0}, "missing_lines": [57, 61], "excluded_lines": []}, "DailyQuota.register": {"executed_lines": [67, 69, 72, 75, 76, 77, 81], "summary": {"covered_lines": 7, "num_statements": 8, "percent_covered": 87.5, "percent_covered_display": "88", "missing_lines": 1, "excluded_lines": 0}, "missing_lines": [70], "excluded_lines": []}, "DailyQuota.can_send": {"executed_lines": [], "summary": {"covered_lines": 0, "num_statements": 4, "percent_covered": 0.0, "percent_covered_display": "0", "missing_lines": 4, "excluded_lines": 0}, "missing_lines": [85, 87, 88, 90], "excluded_lines": []}, "DailyQuota.remaining": {"executed_lines": [], "summary": {"covered_lines": 0, "num_statements": 4, "percent_covered": 0.0, "percent_covered_display": "0", "missing_lines": 4, "excluded_lines": 0}, "missing_lines": [94, 96, 97, 99], "excluded_lines": []}, "DailyQuota.reset": {"executed_lines": [], "summary": {"covered_lines": 0, "num_statements": 6, "percent_covered": 0.0, "percent_covered_display": "0", "missing_lines": 6, "excluded_lines": 0}, "missing_lines": [103, 104, 106, 107, 108, 112], "excluded_lines": []}, "": {"executed_lines": [3, 4, 5, 6, 7, 8, 10, 13, 14, 15, 17, 18, 19, 21, 28, 41, 65, 83, 92, 101], "summary": {"covered_lines": 19, "num_statements": 19, "percent_covered": 100.0, "percent_covered_display": "100", "missing_lines": 0, "excluded_lines": 0}, "missing_lines": [], "excluded_lines": []}}, "classes": {"DailyQuota": {"executed_lines": [23, 24, 25, 26, 30, 31, 32, 39, 43, 44, 46, 47, 51, 53, 54, 63, 67, 69, 72, 75, 76, 77, 81], "summary": {"covered_lines": 23, "num_statements": 40, "percent_covered": 57.5, "percent_covered_display": "58", "missing_lines": 17, "excluded_lines": 0}, "missing_lines": [57, 61, 70, 85, 87, 88, 90, 94, 96, 97, 99, 103, 104, 106, 107, 108, 112], "excluded_lines": []}, "": {"executed_lines": [3, 4, 5, 6, 7, 8, 10, 13, 14, 15, 17, 18, 19, 21, 28, 41, 65, 83, 92, 101], "summary": {"covered_lines": 19, "num_statements": 19, "percent_covered": 100.0, "percent_covered_display": "100", "missing_lines": 0, "excluded_lines": 0}, "missing_lines": [], "excluded_lines": []}}}, "mailing/logging_config.py": {"executed_lines": [3, 4, 5, 8, 12, 15, 21, 22, 25, 26, 29, 30, 31, 32, 35, 46, 49], "summary": {"covered_lines": 17, "num_statements": 23, "percent_covered": 73.91304347826087, "percent_covered_display": "74", "missing_lines": 6, "excluded_lines": 0}, "missing_lines": [36, 37, 39, 40, 41, 42], "excluded_lines": [], "functions": {"configure_logging": {"executed_lines": [12, 15, 21, 22, 25, 26, 29, 30, 31, 32, 35], "summary": {"covered_lines": 11, "num_statements": 17, "percent_covered": 64.70588235294117, "percent_covered_display": "65", "missing_lines": 6, "excluded_lines": 0}, "missing_lines": [36, 37, 39, 40, 41, 42], "excluded_lines": []}, "": {"executed_lines": [3, 4, 5, 8, 46, 49], "summary": {"covered_lines": 6, "num_statements": 6, "percent_covered": 100.0, "percent_covered_display": "100", "missing_lines": 0, "excluded_lines": 0}, "missing_lines": [], "excluded_lines": []}}, "classes": {"": {"executed_lines": [3, 4, 5, 8, 12, 15, 21, 22, 25, 26, 29, 30, 31, 32, 35, 46, 49], "summary": {"covered_lines": 17, "num_statements": 23, "percent_covered": 73.91304347826087, "percent_covered_display": "74", "missing_lines": 6, "excluded_lines": 0}, "missing_lines": [36, 37, 39, 40, 41, 42], "excluded_lines": []}}}, "mailing/models.py": {"executed_lines": [3, 4, 5, 8, 9, 10, 12, 13, 14, 16, 18, 19, 22, 23, 24, 26, 29, 30, 31, 33, 34, 35, 36, 37, 38, 39, 41, 43, 44, 45], "summary": {"covered_lines": 28, "num_statements": 28, "percent_covered": 100.0, "percent_covered_display": "100", "missing_lines": 0, "excluded_lines": 0}, "missing_lines": [], "excluded_lines": [], "functions": {"Recipient.__post_init__": {"executed_lines": [18, 19, 22, 23, 24, 26], "summary": {"covered_lines": 6, "num_statements": 6, "percent_covered": 100.0, "percent_covered_display": "100", "missing_lines": 0, "excluded_lines": 0}, "missing_lines": [], "excluded_lines": []}, "DeliveryResult.__post_init__": {"executed_lines": [43, 44, 45], "summary": {"covered_lines": 3, "num_statements": 3, "percent_covered": 100.0, "percent_covered_display": "100", "missing_lines": 0, "excluded_lines": 0}, "missing_lines": [], "excluded_lines": []}, "": {"executed_lines": [3, 4, 5, 8, 9, 10, 12, 13, 14, 16, 29, 30, 31, 33, 34, 35, 36, 37, 38, 39, 41], "summary": {"covered_lines": 19, "num_statements": 19, "percent_covered": 100.0, "percent_covered_display": "100", "missing_lines": 0, "excluded_lines": 0}, "missing_lines": [], "excluded_lines": []}}, "classes": {"Recipient": {"executed_lines": [18, 19, 22, 23, 24, 26], "summary": {"covered_lines": 6, "num_statements": 6, "percent_covered": 100.0, "percent_covered_display": "100", "missing_lines": 0, "excluded_lines": 0}, "missing_lines": [], "excluded_lines": []}, "DeliveryResult": {"executed_lines": [43, 44, 45], "summary": {"covered_lines": 3, "num_statements": 3, "percent_covered": 100.0, "percent_covered_display": "100", "missing_lines": 0, "excluded_lines": 0}, "missing_lines": [], "excluded_lines": []}, "": {"executed_lines": [3, 4, 5, 8, 9, 10, 12, 13, 14, 16, 29, 30, 31, 33, 34, 35, 36, 37, 38, 39, 41], "summary": {"covered_lines": 19, "num_statements": 19, "percent_covered": 100.0, "percent_covered_display": "100", "missing_lines": 0, "excluded_lines": 0}, "missing_lines": [], "excluded_lines": []}}}, "mailing/performance.py": {"executed_lines": [2, 7, 8, 9, 10, 11, 12, 13, 14, 15, 16, 17, 18, 20, 21, 24, 25, 26, 27, 28, 29, 30, 32, 34, 42, 43, 44, 45, 46, 47, 48, 50, 51, 53, 56, 57, 59, 61, 62, 63, 64, 65, 66, 67, 68, 71, 72, 74, 76, 80, 82, 83, 84, 85, 89, 92, 93, 94, 95, 96, 101, 103, 104, 110, 112, 114, 115, 116, 118, 120, 121, 122, 124, 126, 127, 133, 134, 136, 138, 140, 141, 143, 144, 145, 147, 148, 151, 153, 155, 156, 158, 159, 160, 162, 164, 165, 167, 168, 169, 171, 173, 175, 177, 178, 179, 181, 182, 183, 184, 187, 188, 191, 192, 193, 198, 199, 204, 206, 207, 210, 215, 225, 226, 227, 228, 231, 237, 243, 244, 245, 250, 251, 252, 254, 257, 258, 263, 271, 273, 277, 279, 281, 282, 283, 284, 286, 288, 290, 293, 294, 295, 298, 299, 300, 302, 304, 306, 307, 309, 310, 312, 314, 316, 317, 318, 319, 320, 324, 327, 329, 330, 331, 333, 334, 335, 338, 340, 341, 342, 344, 345, 346, 350, 351, 353, 354, 355, 357, 359, 367, 369, 371, 372, 373, 374, 376, 377, 379, 381, 382, 384, 386, 388, 389, 391, 392, 394, 396, 397, 399, 400, 401, 404, 405, 406, 409, 410, 411, 414, 415, 416, 419, 420, 421, 423, 424, 425, 428, 432], "summary": {"covered_lines": 224, "num_statements": 235, "percent_covered": 95.31914893617021, "percent_covered_display": "95", "missing_lines": 11, "excluded_lines": 0}, "missing_lines": [86, 87, 97, 98, 99, 194, 195, 201, 202, 216, 247], "excluded_lines": [], "functions": {"MetricRecord.to_dict": {"executed_lines": [34], "summary": {"covered_lines": 1, "num_statements": 1, "percent_covered": 100.0, "percent_covered_display": "100", "missing_lines": 0, "excluded_lines": 0}, "missing_lines": [], "excluded_lines": []}, "TimingContext.duration": {"executed_lines": [53], "summary": {"covered_lines": 1, "num_statements": 1, "percent_covered": 100.0, "percent_covered_display": "100", "missing_lines": 0, "excluded_lines": 0}, "missing_lines": [], "excluded_lines": []}, "PerformanceMonitor.__init__": {"executed_lines": [61, 62, 63, 64, 65, 66, 67, 68, 71, 72], "summary": {"covered_lines": 10, "num_statements": 10, "percent_covered": 100.0, "percent_covered_display": "100", "missing_lines": 0, "excluded_lines": 0}, "missing_lines": [], "excluded_lines": []}, "PerformanceMonitor.start_background_collection": {"executed_lines": [76], "summary": {"covered_lines": 1, "num_statements": 1, "percent_covered": 100.0, "percent_covered_display": "100", "missing_lines": 0, "excluded_lines": 0}, "missing_lines": [], "excluded_lines": []}, "PerformanceMonitor.stop_background_collection": {"executed_lines": [82, 83, 84, 85], "summary": {"covered_lines": 4, "num_statements": 6, "percent_covered": 66.66666666666667, "percent_covered_display": "67", "missing_lines": 2, "excluded_lines": 0}, "missing_lines": [86, 87], "excluded_lines": []}, "PerformanceMonitor._background_system_metrics": {"executed_lines": [92, 93, 94, 95, 96], "summary": {"covered_lines": 5, "num_statements": 8, "percent_covered": 62.5, "percent_covered_display": "62", "missing_lines": 3, "excluded_lines": 0}, "missing_lines": [97, 98, 99], "excluded_lines": []}, "PerformanceMonitor.record_metric": {"executed_lines": [103, 104, 110], "summary": {"covered_lines": 3, "num_statements": 3, "percent_covered": 100.0, "percent_covered_display": "100", "missing_lines": 0, "excluded_lines": 0}, "missing_lines": [], "excluded_lines": []}, "PerformanceMonitor.increment_counter": {"executed_lines": [114, 115, 116], "summary": {"covered_lines": 3, "num_statements": 3, "percent_covered": 100.0, "percent_covered_display": "100", "missing_lines": 0, "excluded_lines": 0}, "missing_lines": [], "excluded_lines": []}, "PerformanceMonitor.set_gauge": {"executed_lines": [120, 121, 122], "summary": {"covered_lines": 3, "num_statements": 3, "percent_covered": 100.0, "percent_covered_display": "100", "missing_lines": 0, "excluded_lines": 0}, "missing_lines": [], "excluded_lines": []}, "PerformanceMonitor.start_timer": {"executed_lines": [126, 127, 133, 134, 136], "summary": {"covered_lines": 5, "num_statements": 5, "percent_covered": 100.0, "percent_covered_display": "100", "missing_lines": 0, "excluded_lines": 0}, "missing_lines": [], "excluded_lines": []}, "PerformanceMonitor.stop_timer": {"executed_lines": [140, 141, 143, 144, 145, 147, 148, 151, 153], "summary": {"covered_lines": 9, "num_statements": 9, "percent_covered": 100.0, "percent_covered_display": "100", "missing_lines": 0, "excluded_lines": 0}, "missing_lines": [], "excluded_lines": []}, "PerformanceMonitor.time_block": {"executed_lines": [158, 159, 160, 162], "summary": {"covered_lines": 4, "num_statements": 4, "percent_covered": 100.0, "percent_covered_display": "100", "missing_lines": 0, "excluded_lines": 0}, "missing_lines": [], "excluded_lines": []}, "PerformanceMonitor.async_time_block": {"executed_lines": [167, 168, 169, 171], "summary": {"covered_lines": 4, "num_statements": 4, "percent_covered": 100.0, "percent_covered_display": "100", "missing_lines": 0, "excluded_lines": 0}, "missing_lines": [], "excluded_lines": []}, "PerformanceMonitor.collect_system_metrics": {"executed_lines": [175, 177, 178, 179, 181, 182, 183, 184, 187, 188, 191, 192, 193, 198, 199], "summary": {"covered_lines": 15, "num_statements": 19, "percent_covered": 78.94736842105263, "percent_covered_display": "79", "missing_lines": 4, "excluded_lines": 0}, "missing_lines": [194, 195, 201, 202], "excluded_lines": []}, "PerformanceMonitor.get_metrics_summary": {"executed_lines": [206, 207, 210, 215, 225, 226, 227, 228, 231, 237, 243, 244, 245, 250, 251, 252, 254, 257, 258, 263], "summary": {"covered_lines": 20, "num_statements": 22, "percent_covered": 90.9090909090909, "percent_covered_display": "91", "missing_lines": 2, "excluded_lines": 0}, "missing_lines": [216, 247], "excluded_lines": []}, "PerformanceMonitor.get_metric_history": {"executed_lines": [273, 277], "summary": {"covered_lines": 2, "num_statements": 2, "percent_covered": 100.0, "percent_covered_display": "100", "missing_lines": 0, "excluded_lines": 0}, "missing_lines": [], "excluded_lines": []}, "PerformanceMonitor.export_metrics": {"executed_lines": [281, 282, 283, 284, 286], "summary": {"covered_lines": 5, "num_statements": 5, "percent_covered": 100.0, "percent_covered_display": "100", "missing_lines": 0, "excluded_lines": 0}, "missing_lines": [], "excluded_lines": []}, "PerformanceMonitor._export_prometheus": {"executed_lines": [290, 293, 294, 295, 298, 299, 300, 302], "summary": {"covered_lines": 8, "num_statements": 8, "percent_covered": 100.0, "percent_covered_display": "100", "missing_lines": 0, "excluded_lines": 0}, "missing_lines": [], "excluded_lines": []}, "PerformanceMonitor.save_metrics": {"executed_lines": [306, 307, 309, 310, 312], "summary": {"covered_lines": 5, "num_statements": 5, "percent_covered": 100.0, "percent_covered_display": "100", "missing_lines": 0, "excluded_lines": 0}, "missing_lines": [], "excluded_lines": []}, "PerformanceMonitor.clear_metrics": {"executed_lines": [316, 317, 318, 319, 320], "summary": {"covered_lines": 5, "num_statements": 5, "percent_covered": 100.0, "percent_covered_display": "100", "missing_lines": 0, "excluded_lines": 0}, "missing_lines": [], "excluded_lines": []}, "time_function": {"executed_lines": [329, 333, 334, 335], "summary": {"covered_lines": 4, "num_statements": 4, "percent_covered": 100.0, "percent_covered_display": "100", "missing_lines": 0, "excluded_lines": 0}, "missing_lines": [], "excluded_lines": []}, "time_function.wrapper": {"executed_lines": [330, 331], "summary": {"covered_lines": 2, "num_statements": 2, "percent_covered": 100.0, "percent_covered_display": "100", "missing_lines": 0, "excluded_lines": 0}, "missing_lines": [], "excluded_lines": []}, "async_time_function": {"executed_lines": [340, 344, 345, 346], "summary": {"covered_lines": 4, "num_statements": 4, "percent_covered": 100.0, "percent_covered_display": "100", "missing_lines": 0, "excluded_lines": 0}, "missing_lines": [], "excluded_lines": []}, "async_time_function.wrapper": {"executed_lines": [341, 342], "summary": {"covered_lines": 2, "num_statements": 2, "percent_covered": 100.0, "percent_covered_display": "100", "missing_lines": 0, "excluded_lines": 0}, "missing_lines": [], "excluded_lines": []}, "CampaignPerformanceTracker.__init__": {"executed_lines": [354, 355], "summary": {"covered_lines": 2, "num_statements": 2, "percent_covered": 100.0, "percent_covered_display": "100", "missing_lines": 0, "excluded_lines": 0}, "missing_lines": [], "excluded_lines": []}, "CampaignPerformanceTracker.start_campaign": {"executed_lines": [359, 367], "summary": {"covered_lines": 2, "num_statements": 2, "percent_covered": 100.0, "percent_covered_display": "100", "missing_lines": 0, "excluded_lines": 0}, "missing_lines": [], "excluded_lines": []}, "CampaignPerformanceTracker.record_email_sent": {"executed_lines": [371, 372, 373, 374, 376, 377], "summary": {"covered_lines": 6, "num_statements": 6, "percent_covered": 100.0, "percent_covered_display": "100", "missing_lines": 0, "excluded_lines": 0}, "missing_lines": [], "excluded_lines": []}, "CampaignPerformanceTracker.record_email_delivered": {"executed_lines": [381, 382, 384], "summary": {"covered_lines": 3, "num_statements": 3, "percent_covered": 100.0, "percent_covered_display": "100", "missing_lines": 0, "excluded_lines": 0}, "missing_lines": [], "excluded_lines": []}, "CampaignPerformanceTracker.record_email_failed": {"executed_lines": [388, 389, 391, 392], "summary": {"covered_lines": 4, "num_statements": 4, "percent_covered": 100.0, "percent_covered_display": "100", "missing_lines": 0, "excluded_lines": 0}, "missing_lines": [], "excluded_lines": []}, "CampaignPerformanceTracker.finish_campaign": {"executed_lines": [396, 397, 399, 400, 401, 404, 405, 406, 409, 410, 411, 414, 415, 416, 419, 420, 421, 423, 424, 425, 428], "summary": {"covered_lines": 21, "num_statements": 21, "percent_covered": 100.0, "percent_covered_display": "100", "missing_lines": 0, "excluded_lines": 0}, "missing_lines": [], "excluded_lines": []}, "": {"executed_lines": [2, 7, 8, 9, 10, 11, 12, 13, 14, 15, 16, 17, 18, 20, 21, 24, 25, 26, 27, 28, 29, 30, 32, 42, 43, 44, 45, 46, 47, 48, 50, 51, 56, 57, 59, 74, 80, 89, 101, 112, 118, 124, 138, 155, 156, 164, 165, 173, 204, 271, 279, 288, 304, 314, 324, 327, 338, 350, 351, 353, 357, 369, 379, 386, 394, 432], "summary": {"covered_lines": 61, "num_statements": 61, "percent_covered": 100.0, "percent_covered_display": "100", "missing_lines": 0, "excluded_lines": 0}, "missing_lines": [], "excluded_lines": []}}, "classes": {"MetricRecord": {"executed_lines": [34], "summary": {"covered_lines": 1, "num_statements": 1, "percent_covered": 100.0, "percent_covered_display": "100", "missing_lines": 0, "excluded_lines": 0}, "missing_lines": [], "excluded_lines": []}, "TimingContext": {"executed_lines": [53], "summary": {"covered_lines": 1, "num_statements": 1, "percent_covered": 100.0, "percent_covered_display": "100", "missing_lines": 0, "excluded_lines": 0}, "missing_lines": [], "excluded_lines": []}, "PerformanceMonitor": {"executed_lines": [61, 62, 63, 64, 65, 66, 67, 68, 71, 72, 76, 82, 83, 84, 85, 92, 93, 94, 95, 96, 103, 104, 110, 114, 115, 116, 120, 121, 122, 126, 127, 133, 134, 136, 140, 141, 143, 144, 145, 147, 148, 151, 153, 158, 159, 160, 162, 167, 168, 169, 171, 175, 177, 178, 179, 181, 182, 183, 184, 187, 188, 191, 192, 193, 198, 199, 206, 207, 210, 215, 225, 226, 227, 228, 231, 237, 243, 244, 245, 250, 251, 252, 254, 257, 258, 263, 273, 277, 281, 282, 283, 284, 286, 290, 293, 294, 295, 298, 299, 300, 302, 306, 307, 309, 310, 312, 316, 317, 318, 319, 320], "summary": {"covered_lines": 111, "num_statements": 122, "percent_covered": 90.98360655737704, "percent_covered_display": "91", "missing_lines": 11, "excluded_lines": 0}, "missing_lines": [86, 87, 97, 98, 99, 194, 195, 201, 202, 216, 247], "excluded_lines": []}, "CampaignPerformanceTracker": {"executed_lines": [354, 355, 359, 367, 371, 372, 373, 374, 376, 377, 381, 382, 384, 388, 389, 391, 392, 396, 397, 399, 400, 401, 404, 405, 406, 409, 410, 411, 414, 415, 416, 419, 420, 421, 423, 424, 425, 428], "summary": {"covered_lines": 38, "num_statements": 38, "percent_covered": 100.0, "percent_covered_display": "100", "missing_lines": 0, "excluded_lines": 0}, "missing_lines": [], "excluded_lines": []}, "": {"executed_lines": [2, 7, 8, 9, 10, 11, 12, 13, 14, 15, 16, 17, 18, 20, 21, 24, 25, 26, 27, 28, 29, 30, 32, 42, 43, 44, 45, 46, 47, 48, 50, 51, 56, 57, 59, 74, 80, 89, 101, 112, 118, 124, 138, 155, 156, 164, 165, 173, 204, 271, 279, 288, 304, 314, 324, 327, 329, 330, 331, 333, 334, 335, 338, 340, 341, 342, 344, 345, 346, 350, 351, 353, 357, 369, 379, 386, 394, 432], "summary": {"covered_lines": 73, "num_statements": 73, "percent_covered": 100.0, "percent_covered_display": "100", "missing_lines": 0, "excluded_lines": 0}, "missing_lines": [], "excluded_lines": []}}}, "mailing/preflight.py": {"executed_lines": [], "summary": {"covered_lines": 0, "num_statements": 61, "percent_covered": 0.0, "percent_covered_display": "0", "missing_lines": 61, "excluded_lines": 0}, "missing_lines": [3, 4, 5, 6, 7, 10, 13, 14, 17, 18, 20, 21, 24, 25, 26, 29, 30, 31, 34, 35, 37, 51, 53, 54, 56, 59, 61, 63, 64, 69, 70, 76, 77, 79, 80, 86, 87, 88, 93, 100, 103, 109, 110, 114, 115, 118, 119, 120, 121, 124, 125, 127, 130, 131, 134, 136, 137, 138, 140, 141, 143], "excluded_lines": [], "functions": {"validate_environment": {"executed_lines": [], "summary": {"covered_lines": 0, "num_statements": 15, "percent_covered": 0.0, "percent_covered_display": "0", "missing_lines": 15, "excluded_lines": 0}, "missing_lines": [13, 14, 17, 18, 20, 21, 24, 25, 26, 29, 30, 31, 34, 35, 37], "excluded_lines": []}, "check_template_exists": {"executed_lines": [], "summary": {"covered_lines": 0, "num_statements": 3, "percent_covered": 0.0, "percent_covered_display": "0", "missing_lines": 3, "excluded_lines": 0}, "missing_lines": [53, 54, 56], "excluded_lines": []}, "validate_recipients_file": {"executed_lines": [], "summary": {"covered_lines": 0, "num_statements": 13, "percent_covered": 0.0, "percent_covered_display": "0", "missing_lines": 13, "excluded_lines": 0}, "missing_lines": [61, 63, 64, 69, 70, 76, 77, 79, 80, 86, 87, 88, 93], "excluded_lines": []}, "run_preflight_checks": {"executed_lines": [], "summary": {"covered_lines": 0, "num_statements": 12, "percent_covered": 0.0, "percent_covered_display": "0", "missing_lines": 12, "excluded_lines": 0}, "missing_lines": [103, 109, 110, 114, 115, 118, 119, 120, 121, 124, 125, 127], "excluded_lines": []}, "": {"executed_lines": [], "summary": {"covered_lines": 0, "num_statements": 18, "percent_covered": 0.0, "percent_covered_display": "0", "missing_lines": 18, "excluded_lines": 0}, "missing_lines": [3, 4, 5, 6, 7, 10, 51, 59, 100, 130, 131, 134, 136, 137, 138, 140, 141, 143], "excluded_lines": []}}, "classes": {"": {"executed_lines": [], "summary": {"covered_lines": 0, "num_statements": 61, "percent_covered": 0.0, "percent_covered_display": "0", "missing_lines": 61, "excluded_lines": 0}, "missing_lines": [3, 4, 5, 6, 7, 10, 13, 14, 17, 18, 20, 21, 24, 25, 26, 29, 30, 31, 34, 35, 37, 51, 53, 54, 56, 59, 61, 63, 64, 69, 70, 76, 77, 79, 80, 86, 87, 88, 93, 100, 103, 109, 110, 114, 115, 118, 119, 120, 121, 124, 125, 127, 130, 131, 134, 136, 137, 138, 140, 141, 143], "excluded_lines": []}}}, "mailing/sender.py": {"executed_lines": [3, 4, 5, 7, 8, 9, 10, 11, 12, 13, 16, 17, 18, 21, 22, 24, 26, 28, 32, 34, 36, 37, 42, 53, 58, 59, 60, 61, 64, 65, 67, 68, 69, 70, 72, 74, 75, 79, 98, 100, 102, 104, 105, 121, 122, 124, 139, 140, 142, 143, 144, 145, 147, 171], "summary": {"covered_lines": 52, "num_statements": 76, "percent_covered": 68.42105263157895, "percent_covered_display": "68", "missing_lines": 24, "excluded_lines": 0}, "missing_lines": [30, 39, 76, 80, 81, 89, 90, 113, 126, 127, 128, 135, 136, 153, 154, 155, 160, 161, 162, 163, 168, 176, 177, 178], "excluded_lines": [], "functions": {"CampaignController.__init__": {"executed_lines": [26], "summary": {"covered_lines": 1, "num_statements": 1, "percent_covered": 100.0, "percent_covered_display": "100", "missing_lines": 0, "excluded_lines": 0}, "missing_lines": [], "excluded_lines": []}, "CampaignController.cancel": {"executed_lines": [], "summary": {"covered_lines": 0, "num_statements": 1, "percent_covered": 0.0, "percent_covered_display": "0", "missing_lines": 1, "excluded_lines": 0}, "missing_lines": [30], "excluded_lines": []}, "CampaignController.cancelled": {"executed_lines": [34], "summary": {"covered_lines": 1, "num_statements": 1, "percent_covered": 100.0, "percent_covered_display": "100", "missing_lines": 0, "excluded_lines": 0}, "missing_lines": [], "excluded_lines": []}, "CampaignController.is_cancelled": {"executed_lines": [], "summary": {"covered_lines": 0, "num_statements": 1, "percent_covered": 0.0, "percent_covered_display": "0", "missing_lines": 1, "excluded_lines": 0}, "missing_lines": [39], "excluded_lines": []}, "run_campaign": {"executed_lines": [53, 58, 59, 60, 61, 64, 65, 67, 68, 69, 70, 72, 139, 140, 142, 143, 144, 145, 147, 171], "summary": {"covered_lines": 20, "num_statements": 31, "percent_covered": 64.51612903225806, "percent_covered_display": "65", "missing_lines": 11, "excluded_lines": 0}, "missing_lines": [153, 154, 155, 160, 161, 162, 163, 168, 176, 177, 178], "excluded_lines": []}, "run_campaign.worker": {"executed_lines": [74, 75, 79, 98, 100, 102, 104, 105, 121, 122, 124], "summary": {"covered_lines": 11, "num_statements": 22, "percent_covered": 50.0, "percent_covered_display": "50", "missing_lines": 11, "excluded_lines": 0}, "missing_lines": [76, 80, 81, 89, 90, 113, 126, 127, 128, 135, 136], "excluded_lines": []}, "": {"executed_lines": [3, 4, 5, 7, 8, 9, 10, 11, 12, 13, 16, 17, 18, 21, 22, 24, 28, 32, 36, 37, 42], "summary": {"covered_lines": 19, "num_statements": 19, "percent_covered": 100.0, "percent_covered_display": "100", "missing_lines": 0, "excluded_lines": 0}, "missing_lines": [], "excluded_lines": []}}, "classes": {"CampaignCancelled": {"executed_lines": [], "summary": {"covered_lines": 0, "num_statements": 0, "percent_covered": 100.0, "percent_covered_display": "100", "missing_lines": 0, "excluded_lines": 0}, "missing_lines": [], "excluded_lines": []}, "CampaignController": {"executed_lines": [26, 34], "summary": {"covered_lines": 2, "num_statements": 4, "percent_covered": 50.0, "percent_covered_display": "50", "missing_lines": 2, "excluded_lines": 0}, "missing_lines": [30, 39], "excluded_lines": []}, "": {"executed_lines": [3, 4, 5, 7, 8, 9, 10, 11, 12, 13, 16, 17, 18, 21, 22, 24, 28, 32, 36, 37, 42, 53, 58, 59, 60, 61, 64, 65, 67, 68, 69, 70, 72, 74, 75, 79, 98, 100, 102, 104, 105, 121, 122, 124, 139, 140, 142, 143, 144, 145, 147, 171], "summary": {"covered_lines": 50, "num_statements": 72, "percent_covered": 69.44444444444444, "percent_covered_display": "69", "missing_lines": 22, "excluded_lines": 0}, "missing_lines": [76, 80, 81, 89, 90, 113, 126, 127, 128, 135, 136, 153, 154, 155, 160, 161, 162, 163, 168, 176, 177, 178], "excluded_lines": []}}}, "mailing/types.py": {"executed_lines": [2, 7, 8, 21, 22, 24, 30, 31, 32, 33, 34, 35, 36, 37, 38, 41, 42, 43, 44, 45, 46, 47, 48, 49, 50, 51, 52, 55, 56, 57, 58, 59, 62, 63, 64, 65, 66, 67, 68, 69, 73, 74, 76, 80, 86, 87, 89, 95, 96, 99, 100, 103, 106, 107, 110, 113, 116, 117, 120, 121, 122, 123, 124, 125, 126, 130, 131, 132, 133, 134, 135, 139, 140, 141, 144], "summary": {"covered_lines": 64, "num_statements": 64, "percent_covered": 100.0, "percent_covered_display": "100", "missing_lines": 0, "excluded_lines": 15}, "missing_lines": [], "excluded_lines": [24, 25, 26, 78, 79, 82, 83, 84, 85, 91, 92, 93, 94, 110, 111], "functions": {"DataLoader.validate_source": {"executed_lines": [], "summary": {"covered_lines": 0, "num_statements": 0, "percent_covered": 100.0, "percent_covered_display": "100", "missing_lines": 0, "excluded_lines": 1}, "missing_lines": [], "excluded_lines": [78]}, "DataLoader.load": {"executed_lines": [], "summary": {"covered_lines": 0, "num_statements": 0, "percent_covered": 100.0, "percent_covered_display": "100", "missing_lines": 0, "excluded_lines": 1}, "missing_lines": [], "excluded_lines": [82]}, "Repository.save": {"executed_lines": [], "summary": {"covered_lines": 0, "num_statements": 0, "percent_covered": 100.0, "percent_covered_display": "100", "missing_lines": 0, "excluded_lines": 1}, "missing_lines": [], "excluded_lines": [91]}, "": {"executed_lines": [2, 7, 8, 21, 22, 24, 30, 31, 32, 33, 34, 35, 36, 37, 38, 41, 42, 43, 44, 45, 46, 47, 48, 49, 50, 51, 52, 55, 56, 57, 58, 59, 62, 63, 64, 65, 66, 67, 68, 69, 73, 74, 76, 80, 86, 87, 89, 95, 96, 99, 100, 103, 106, 107, 110, 113, 116, 117, 120, 121, 122, 123, 124, 125, 126, 130, 131, 132, 133, 134, 135, 139, 140, 141, 144], "summary": {"covered_lines": 64, "num_statements": 64, "percent_covered": 100.0, "percent_covered_display": "100", "missing_lines": 0, "excluded_lines": 12}, "missing_lines": [], "excluded_lines": [24, 25, 26, 79, 83, 84, 85, 92, 93, 94, 110, 111]}}, "classes": {"EventData": {"executed_lines": [], "summary": {"covered_lines": 0, "num_statements": 0, "percent_covered": 100.0, "percent_covered_display": "100", "missing_lines": 0, "excluded_lines": 0}, "missing_lines": [], "excluded_lines": []}, "StatsData": {"executed_lines": [], "summary": {"covered_lines": 0, "num_statements": 0, "percent_covered": 100.0, "percent_covered_display": "100", "missing_lines": 0, "excluded_lines": 0}, "missing_lines": [], "excluded_lines": []}, "WebhookPayload": {"executed_lines": [], "summary": {"covered_lines": 0, "num_statements": 0, "percent_covered": 100.0, "percent_covered_display": "100", "missing_lines": 0, "excluded_lines": 0}, "missing_lines": [], "excluded_lines": []}, "PreflightResult": {"executed_lines": [], "summary": {"covered_lines": 0, "num_statements": 0, "percent_covered": 100.0, "percent_covered_display": "100", "missing_lines": 0, "excluded_lines": 0}, "missing_lines": [], "excluded_lines": []}, "DataLoader": {"executed_lines": [], "summary": {"covered_lines": 0, "num_statements": 0, "percent_covered": 100.0, "percent_covered_display": "100", "missing_lines": 0, "excluded_lines": 2}, "missing_lines": [], "excluded_lines": [78, 82]}, "Repository": {"executed_lines": [], "summary": {"covered_lines": 0, "num_statements": 0, "percent_covered": 100.0, "percent_covered_display": "100", "missing_lines": 0, "excluded_lines": 1}, "missing_lines": [], "excluded_lines": [91]}, "PerformanceMetrics": {"executed_lines": [], "summary": {"covered_lines": 0, "num_statements": 0, "percent_covered": 100.0, "percent_covered_display": "100", "missing_lines": 0, "excluded_lines": 0}, "missing_lines": [], "excluded_lines": []}, "QuotaInfo": {"executed_lines": [], "summary": {"covered_lines": 0, "num_statements": 0, "percent_covered": 100.0, "percent_covered_display": "100", "missing_lines": 0, "excluded_lines": 0}, "missing_lines": [], "excluded_lines": []}, "": {"executed_lines": [2, 7, 8, 21, 22, 24, 30, 31, 32, 33, 34, 35, 36, 37, 38, 41, 42, 43, 44, 45, 46, 47, 48, 49, 50, 51, 52, 55, 56, 57, 58, 59, 62, 63, 64, 65, 66, 67, 68, 69, 73, 74, 76, 80, 86, 87, 89, 95, 96, 99, 100, 103, 106, 107, 110, 113, 116, 117, 120, 121, 122, 123, 124, 125, 126, 130, 131, 132, 133, 134, 135, 139, 140, 141, 144], "summary": {"covered_lines": 64, "num_statements": 64, "percent_covered": 100.0, "percent_covered_display": "100", "missing_lines": 0, "excluded_lines": 12}, "missing_lines": [], "excluded_lines": [24, 25, 26, 79, 83, 84, 85, 92, 93, 94, 110, 111]}}}, "mailing/webhook_server.py": {"executed_lines": [3, 4, 5, 6, 7, 8, 9, 10, 13, 14, 16, 18, 19, 20, 21, 22, 24, 26, 27, 28, 30, 32, 33, 36, 39, 40, 41, 44, 51, 53, 55, 56, 57, 62, 64, 70, 72, 80, 101, 103, 104, 107], "summary": {"covered_lines": 41, "num_statements": 58, "percent_covered": 70.6896551724138, "percent_covered_display": "71", "missing_lines": 17, "excluded_lines": 0}, "missing_lines": [82, 84, 85, 87, 88, 90, 93, 95, 96, 97, 98, 108, 110, 111, 112, 114, 116], "excluded_lines": [], "functions": {"WebhookServer.__init__": {"executed_lines": [18, 19, 20, 21, 22], "summary": {"covered_lines": 5, "num_statements": 5, "percent_covered": 100.0, "percent_covered_display": "100", "missing_lines": 0, "excluded_lines": 0}, "missing_lines": [], "excluded_lines": []}, "WebhookServer._setup_routes": {"executed_lines": [26, 27, 28], "summary": {"covered_lines": 3, "num_statements": 3, "percent_covered": 100.0, "percent_covered_display": "100", "missing_lines": 0, "excluded_lines": 0}, "missing_lines": [], "excluded_lines": []}, "WebhookServer.handle_resend_webhook": {"executed_lines": [32, 33, 36, 39, 40, 41, 44, 51, 53, 55, 56, 57], "summary": {"covered_lines": 12, "num_statements": 12, "percent_covered": 100.0, "percent_covered_display": "100", "missing_lines": 0, "excluded_lines": 0}, "missing_lines": [], "excluded_lines": []}, "WebhookServer.health_check": {"executed_lines": [64], "summary": {"covered_lines": 1, "num_statements": 1, "percent_covered": 100.0, "percent_covered_display": "100", "missing_lines": 0, "excluded_lines": 0}, "missing_lines": [], "excluded_lines": []}, "WebhookServer.root_handler": {"executed_lines": [72], "summary": {"covered_lines": 1, "num_statements": 1, "percent_covered": 100.0, "percent_covered_display": "100", "missing_lines": 0, "excluded_lines": 0}, "missing_lines": [], "excluded_lines": []}, "WebhookServer.start": {"executed_lines": [], "summary": {"covered_lines": 0, "num_statements": 11, "percent_covered": 0.0, "percent_covered_display": "0", "missing_lines": 11, "excluded_lines": 0}, "missing_lines": [82, 84, 85, 87, 88, 90, 93, 95, 96, 97, 98], "excluded_lines": []}, "run_webhook_server": {"executed_lines": [103, 104], "summary": {"covered_lines": 2, "num_statements": 2, "percent_covered": 100.0, "percent_covered_display": "100", "missing_lines": 0, "excluded_lines": 0}, "missing_lines": [], "excluded_lines": []}, "": {"executed_lines": [3, 4, 5, 6, 7, 8, 9, 10, 13, 14, 16, 24, 30, 62, 70, 80, 101, 107], "summary": {"covered_lines": 17, "num_statements": 23, "percent_covered": 73.91304347826087, "percent_covered_display": "74", "missing_lines": 6, "excluded_lines": 0}, "missing_lines": [108, 110, 111, 112, 114, 116], "excluded_lines": []}}, "classes": {"WebhookServer": {"executed_lines": [18, 19, 20, 21, 22, 26, 27, 28, 32, 33, 36, 39, 40, 41, 44, 51, 53, 55, 56, 57, 64, 72], "summary": {"covered_lines": 22, "num_statements": 33, "percent_covered": 66.66666666666667, "percent_covered_display": "67", "missing_lines": 11, "excluded_lines": 0}, "missing_lines": [82, 84, 85, 87, 88, 90, 93, 95, 96, 97, 98], "excluded_lines": []}, "": {"executed_lines": [3, 4, 5, 6, 7, 8, 9, 10, 13, 14, 16, 24, 30, 62, 70, 80, 101, 103, 104, 107], "summary": {"covered_lines": 19, "num_statements": 25, "percent_covered": 76.0, "percent_covered_display": "76", "missing_lines": 6, "excluded_lines": 0}, "missing_lines": [108, 110, 111, 112, 114, 116], "excluded_lines": []}}}, "persistence/__init__.py": {"executed_lines": [1], "summary": {"covered_lines": 0, "num_statements": 0, "percent_covered": 100.0, "percent_covered_display": "100", "missing_lines": 0, "excluded_lines": 0}, "missing_lines": [], "excluded_lines": [], "functions": {"": {"executed_lines": [1], "summary": {"covered_lines": 0, "num_statements": 0, "percent_covered": 100.0, "percent_covered_display": "100", "missing_lines": 0, "excluded_lines": 0}, "missing_lines": [], "excluded_lines": []}}, "classes": {"": {"executed_lines": [1], "summary": {"covered_lines": 0, "num_statements": 0, "percent_covered": 100.0, "percent_covered_display": "100", "missing_lines": 0, "excluded_lines": 0}, "missing_lines": [], "excluded_lines": []}}}, "persistence/db.py": {"executed_lines": [], "summary": {"covered_lines": 0, "num_statements": 68, "percent_covered": 0.0, "percent_covered_display": "0", "missing_lines": 68, "excluded_lines": 0}, "missing_lines": [3, 4, 5, 6, 7, 8, 9, 12, 15, 17, 18, 20, 22, 23, 24, 25, 27, 29, 30, 31, 33, 35, 36, 38, 40, 41, 43, 45, 46, 48, 50, 51, 53, 55, 57, 59, 60, 62, 63, 66, 68, 71, 73, 75, 76, 79, 83, 101, 111, 123, 132, 133, 134, 135, 139, 142, 146, 147, 148, 151, 153, 156, 160, 161, 162, 165, 167, 168], "excluded_lines": [], "functions": {"DatabaseManager.__init__": {"executed_lines": [], "summary": {"covered_lines": 0, "num_statements": 2, "percent_covered": 0.0, "percent_covered_display": "0", "missing_lines": 2, "excluded_lines": 0}, "missing_lines": [17, 18], "excluded_lines": []}, "DatabaseManager.get_connection": {"executed_lines": [], "summary": {"covered_lines": 0, "num_statements": 4, "percent_covered": 0.0, "percent_covered_display": "0", "missing_lines": 4, "excluded_lines": 0}, "missing_lines": [22, 23, 24, 25], "excluded_lines": []}, "DatabaseManager.close": {"executed_lines": [], "summary": {"covered_lines": 0, "num_statements": 3, "percent_covered": 0.0, "percent_covered_display": "0", "missing_lines": 3, "excluded_lines": 0}, "missing_lines": [29, 30, 31], "excluded_lines": []}, "DatabaseManager.execute": {"executed_lines": [], "summary": {"covered_lines": 0, "num_statements": 2, "percent_covered": 0.0, "percent_covered_display": "0", "missing_lines": 2, "excluded_lines": 0}, "missing_lines": [35, 36], "excluded_lines": []}, "DatabaseManager.execute_many": {"executed_lines": [], "summary": {"covered_lines": 0, "num_statements": 2, "percent_covered": 0.0, "percent_covered_display": "0", "missing_lines": 2, "excluded_lines": 0}, "missing_lines": [40, 41], "excluded_lines": []}, "DatabaseManager.commit": {"executed_lines": [], "summary": {"covered_lines": 0, "num_statements": 2, "percent_covered": 0.0, "percent_covered_display": "0", "missing_lines": 2, "excluded_lines": 0}, "missing_lines": [45, 46], "excluded_lines": []}, "DatabaseManager.rollback": {"executed_lines": [], "summary": {"covered_lines": 0, "num_statements": 2, "percent_covered": 0.0, "percent_covered_display": "0", "missing_lines": 2, "excluded_lines": 0}, "missing_lines": [50, 51], "excluded_lines": []}, "DatabaseManager.__enter__": {"executed_lines": [], "summary": {"covered_lines": 0, "num_statements": 1, "percent_covered": 0.0, "percent_covered_display": "0", "missing_lines": 1, "excluded_lines": 0}, "missing_lines": [55], "excluded_lines": []}, "DatabaseManager.__exit__": {"executed_lines": [], "summary": {"covered_lines": 0, "num_statements": 4, "percent_covered": 0.0, "percent_covered_display": "0", "missing_lines": 4, "excluded_lines": 0}, "missing_lines": [59, 60, 62, 63], "excluded_lines": []}, "init_database": {"executed_lines": [], "summary": {"covered_lines": 0, "num_statements": 5, "percent_covered": 0.0, "percent_covered_display": "0", "missing_lines": 5, "excluded_lines": 0}, "missing_lines": [68, 71, 73, 75, 76], "excluded_lines": []}, "create_tables": {"executed_lines": [], "summary": {"covered_lines": 0, "num_statements": 8, "percent_covered": 0.0, "percent_covered_display": "0", "missing_lines": 8, "excluded_lines": 0}, "missing_lines": [83, 101, 111, 123, 132, 133, 134, 135], "excluded_lines": []}, "get_db": {"executed_lines": [], "summary": {"covered_lines": 0, "num_statements": 5, "percent_covered": 0.0, "percent_covered_display": "0", "missing_lines": 5, "excluded_lines": 0}, "missing_lines": [146, 147, 148, 151, 153], "excluded_lines": []}, "close_db": {"executed_lines": [], "summary": {"covered_lines": 0, "num_statements": 3, "percent_covered": 0.0, "percent_covered_display": "0", "missing_lines": 3, "excluded_lines": 0}, "missing_lines": [160, 161, 162], "excluded_lines": []}, "": {"executed_lines": [], "summary": {"covered_lines": 0, "num_statements": 25, "percent_covered": 0.0, "percent_covered_display": "0", "missing_lines": 25, "excluded_lines": 0}, "missing_lines": [3, 4, 5, 6, 7, 8, 9, 12, 15, 20, 27, 33, 38, 43, 48, 53, 57, 66, 79, 139, 142, 156, 165, 167, 168], "excluded_lines": []}}, "classes": {"DatabaseManager": {"executed_lines": [], "summary": {"covered_lines": 0, "num_statements": 22, "percent_covered": 0.0, "percent_covered_display": "0", "missing_lines": 22, "excluded_lines": 0}, "missing_lines": [17, 18, 22, 23, 24, 25, 29, 30, 31, 35, 36, 40, 41, 45, 46, 50, 51, 55, 59, 60, 62, 63], "excluded_lines": []}, "": {"executed_lines": [], "summary": {"covered_lines": 0, "num_statements": 46, "percent_covered": 0.0, "percent_covered_display": "0", "missing_lines": 46, "excluded_lines": 0}, "missing_lines": [3, 4, 5, 6, 7, 8, 9, 12, 15, 20, 27, 33, 38, 43, 48, 53, 57, 66, 68, 71, 73, 75, 76, 79, 83, 101, 111, 123, 132, 133, 134, 135, 139, 142, 146, 147, 148, 151, 153, 156, 160, 161, 162, 165, 167, 168], "excluded_lines": []}}}, "persistence/repository.py": {"executed_lines": [3, 4, 5, 6, 8, 11, 12, 14, 16, 17, 19, 21, 22, 37, 38, 40, 41, 42, 43, 45, 47, 49, 50, 63, 65, 67, 68, 69, 74, 76, 78, 79, 86, 88, 89, 90, 92, 94, 101, 103, 104, 105, 110, 112, 114, 115, 123, 126, 127, 129, 131, 132, 134, 136, 137, 145, 147, 149, 150, 154, 156, 158, 159, 163, 165, 167, 168, 172, 174, 176, 178, 180, 181, 184, 186, 188, 189, 190, 195, 198, 199, 201, 206, 221, 235], "summary": {"covered_lines": 82, "num_statements": 94, "percent_covered": 87.23404255319149, "percent_covered_display": "87", "missing_lines": 12, "excluded_lines": 0}, "missing_lines": [203, 204, 208, 209, 219, 223, 224, 233, 237, 238, 239, 244], "excluded_lines": [], "functions": {"DeliveryRepository.__init__": {"executed_lines": [16, 17], "summary": {"covered_lines": 2, "num_statements": 2, "percent_covered": 100.0, "percent_covered_display": "100", "missing_lines": 0, "excluded_lines": 0}, "missing_lines": [], "excluded_lines": []}, "DeliveryRepository._init_db": {"executed_lines": [21, 22, 37, 38, 40, 41, 42, 43, 45], "summary": {"covered_lines": 9, "num_statements": 9, "percent_covered": 100.0, "percent_covered_display": "100", "missing_lines": 0, "excluded_lines": 0}, "missing_lines": [], "excluded_lines": []}, "DeliveryRepository.save_delivery": {"executed_lines": [49, 50, 63], "summary": {"covered_lines": 3, "num_statements": 3, "percent_covered": 100.0, "percent_covered_display": "100", "missing_lines": 0, "excluded_lines": 0}, "missing_lines": [], "excluded_lines": []}, "DeliveryRepository.get_recent_deliveries": {"executed_lines": [67, 68, 69, 74], "summary": {"covered_lines": 4, "num_statements": 4, "percent_covered": 100.0, "percent_covered_display": "100", "missing_lines": 0, "excluded_lines": 0}, "missing_lines": [], "excluded_lines": []}, "DeliveryRepository.get_delivery_stats": {"executed_lines": [78, 79, 86, 88, 89, 90, 92, 94], "summary": {"covered_lines": 8, "num_statements": 8, "percent_covered": 100.0, "percent_covered_display": "100", "missing_lines": 0, "excluded_lines": 0}, "missing_lines": [], "excluded_lines": []}, "DeliveryRepository.get_deliveries_by_email": {"executed_lines": [103, 104, 105, 110], "summary": {"covered_lines": 4, "num_statements": 4, "percent_covered": 100.0, "percent_covered_display": "100", "missing_lines": 0, "excluded_lines": 0}, "missing_lines": [], "excluded_lines": []}, "DeliveryRepository.clear_old_deliveries": {"executed_lines": [114, 115, 123], "summary": {"covered_lines": 3, "num_statements": 3, "percent_covered": 100.0, "percent_covered_display": "100", "missing_lines": 0, "excluded_lines": 0}, "missing_lines": [], "excluded_lines": []}, "SuppressionRepository.__init__": {"executed_lines": [131, 132], "summary": {"covered_lines": 2, "num_statements": 2, "percent_covered": 100.0, "percent_covered_display": "100", "missing_lines": 0, "excluded_lines": 0}, "missing_lines": [], "excluded_lines": []}, "SuppressionRepository._init_db": {"executed_lines": [136, 137, 145], "summary": {"covered_lines": 3, "num_statements": 3, "percent_covered": 100.0, "percent_covered_display": "100", "missing_lines": 0, "excluded_lines": 0}, "missing_lines": [], "excluded_lines": []}, "SuppressionRepository.is_suppressed": {"executed_lines": [149, 150, 154], "summary": {"covered_lines": 3, "num_statements": 3, "percent_covered": 100.0, "percent_covered_display": "100", "missing_lines": 0, "excluded_lines": 0}, "missing_lines": [], "excluded_lines": []}, "SuppressionRepository.is_unsubscribed": {"executed_lines": [158, 159, 163], "summary": {"covered_lines": 3, "num_statements": 3, "percent_covered": 100.0, "percent_covered_display": "100", "missing_lines": 0, "excluded_lines": 0}, "missing_lines": [], "excluded_lines": []}, "SuppressionRepository.add_suppression": {"executed_lines": [167, 168, 172], "summary": {"covered_lines": 3, "num_statements": 3, "percent_covered": 100.0, "percent_covered_display": "100", "missing_lines": 0, "excluded_lines": 0}, "missing_lines": [], "excluded_lines": []}, "SuppressionRepository.add_unsubscribe": {"executed_lines": [176], "summary": {"covered_lines": 1, "num_statements": 1, "percent_covered": 100.0, "percent_covered_display": "100", "missing_lines": 0, "excluded_lines": 0}, "missing_lines": [], "excluded_lines": []}, "SuppressionRepository.remove_suppression": {"executed_lines": [180, 181, 184], "summary": {"covered_lines": 3, "num_statements": 3, "percent_covered": 100.0, "percent_covered_display": "100", "missing_lines": 0, "excluded_lines": 0}, "missing_lines": [], "excluded_lines": []}, "SuppressionRepository.get_all_suppressions": {"executed_lines": [188, 189, 190, 195], "summary": {"covered_lines": 4, "num_statements": 4, "percent_covered": 100.0, "percent_covered_display": "100", "missing_lines": 0, "excluded_lines": 0}, "missing_lines": [], "excluded_lines": []}, "EventRepository.__init__": {"executed_lines": [], "summary": {"covered_lines": 0, "num_statements": 2, "percent_covered": 0.0, "percent_covered_display": "0", "missing_lines": 2, "excluded_lines": 0}, "missing_lines": [203, 204], "excluded_lines": []}, "EventRepository._init_db": {"executed_lines": [], "summary": {"covered_lines": 0, "num_statements": 3, "percent_covered": 0.0, "percent_covered_display": "0", "missing_lines": 3, "excluded_lines": 0}, "missing_lines": [208, 209, 219], "excluded_lines": []}, "EventRepository.save_event": {"executed_lines": [], "summary": {"covered_lines": 0, "num_statements": 3, "percent_covered": 0.0, "percent_covered_display": "0", "missing_lines": 3, "excluded_lines": 0}, "missing_lines": [223, 224, 233], "excluded_lines": []}, "EventRepository.get_recent_events": {"executed_lines": [], "summary": {"covered_lines": 0, "num_statements": 4, "percent_covered": 0.0, "percent_covered_display": "0", "missing_lines": 4, "excluded_lines": 0}, "missing_lines": [237, 238, 239, 244], "excluded_lines": []}, "": {"executed_lines": [3, 4, 5, 6, 8, 11, 12, 14, 19, 47, 65, 76, 101, 112, 126, 127, 129, 134, 147, 156, 165, 174, 178, 186, 198, 199, 201, 206, 221, 235], "summary": {"covered_lines": 27, "num_statements": 27, "percent_covered": 100.0, "percent_covered_display": "100", "missing_lines": 0, "excluded_lines": 0}, "missing_lines": [], "excluded_lines": []}}, "classes": {"DeliveryRepository": {"executed_lines": [16, 17, 21, 22, 37, 38, 40, 41, 42, 43, 45, 49, 50, 63, 67, 68, 69, 74, 78, 79, 86, 88, 89, 90, 92, 94, 103, 104, 105, 110, 114, 115, 123], "summary": {"covered_lines": 33, "num_statements": 33, "percent_covered": 100.0, "percent_covered_display": "100", "missing_lines": 0, "excluded_lines": 0}, "missing_lines": [], "excluded_lines": []}, "SuppressionRepository": {"executed_lines": [131, 132, 136, 137, 145, 149, 150, 154, 158, 159, 163, 167, 168, 172, 176, 180, 181, 184, 188, 189, 190, 195], "summary": {"covered_lines": 22, "num_statements": 22, "percent_covered": 100.0, "percent_covered_display": "100", "missing_lines": 0, "excluded_lines": 0}, "missing_lines": [], "excluded_lines": []}, "EventRepository": {"executed_lines": [], "summary": {"covered_lines": 0, "num_statements": 12, "percent_covered": 0.0, "percent_covered_display": "0", "missing_lines": 12, "excluded_lines": 0}, "missing_lines": [203, 204, 208, 209, 219, 223, 224, 233, 237, 238, 239, 244], "excluded_lines": []}, "": {"executed_lines": [3, 4, 5, 6, 8, 11, 12, 14, 19, 47, 65, 76, 101, 112, 126, 127, 129, 134, 147, 156, 165, 174, 178, 186, 198, 199, 201, 206, 221, 235], "summary": {"covered_lines": 27, "num_statements": 27, "percent_covered": 100.0, "percent_covered_display": "100", "missing_lines": 0, "excluded_lines": 0}, "missing_lines": [], "excluded_lines": []}}}, "resend/client.py": {"executed_lines": [3, 4, 5, 6, 8, 9, 12, 13, 14, 17, 18, 20, 22, 23, 24, 26, 40, 96, 101, 105], "summary": {"covered_lines": 18, "num_statements": 42, "percent_covered": 42.857142857142854, "percent_covered_display": "43", "missing_lines": 24, "excluded_lines": 0}, "missing_lines": [28, 29, 33, 34, 38, 52, 58, 59, 60, 61, 63, 64, 66, 67, 69, 70, 78, 79, 87, 88, 98, 99, 103, 107], "excluded_lines": [], "functions": {"ResendClient.__init__": {"executed_lines": [22, 23, 24], "summary": {"covered_lines": 3, "num_statements": 3, "percent_covered": 100.0, "percent_covered_display": "100", "missing_lines": 0, "excluded_lines": 0}, "missing_lines": [], "excluded_lines": []}, "ResendClient._get_session": {"executed_lines": [], "summary": {"covered_lines": 0, "num_statements": 5, "percent_covered": 0.0, "percent_covered_display": "0", "missing_lines": 5, "excluded_lines": 0}, "missing_lines": [28, 29, 33, 34, 38], "excluded_lines": []}, "ResendClient.send_message": {"executed_lines": [], "summary": {"covered_lines": 0, "num_statements": 15, "percent_covered": 0.0, "percent_covered_display": "0", "missing_lines": 15, "excluded_lines": 0}, "missing_lines": [52, 58, 59, 60, 61, 63, 64, 66, 67, 69, 70, 78, 79, 87, 88], "excluded_lines": []}, "ResendClient.close": {"executed_lines": [], "summary": {"covered_lines": 0, "num_statements": 2, "percent_covered": 0.0, "percent_covered_display": "0", "missing_lines": 2, "excluded_lines": 0}, "missing_lines": [98, 99], "excluded_lines": []}, "ResendClient.__aenter__": {"executed_lines": [], "summary": {"covered_lines": 0, "num_statements": 1, "percent_covered": 0.0, "percent_covered_display": "0", "missing_lines": 1, "excluded_lines": 0}, "missing_lines": [103], "excluded_lines": []}, "ResendClient.__aexit__": {"executed_lines": [], "summary": {"covered_lines": 0, "num_statements": 1, "percent_covered": 0.0, "percent_covered_display": "0", "missing_lines": 1, "excluded_lines": 0}, "missing_lines": [107], "excluded_lines": []}, "": {"executed_lines": [3, 4, 5, 6, 8, 9, 12, 13, 14, 17, 18, 20, 26, 40, 96, 101, 105], "summary": {"covered_lines": 15, "num_statements": 15, "percent_covered": 100.0, "percent_covered_display": "100", "missing_lines": 0, "excluded_lines": 0}, "missing_lines": [], "excluded_lines": []}}, "classes": {"ResendError": {"executed_lines": [], "summary": {"covered_lines": 0, "num_statements": 0, "percent_covered": 100.0, "percent_covered_display": "100", "missing_lines": 0, "excluded_lines": 0}, "missing_lines": [], "excluded_lines": []}, "ResendClient": {"executed_lines": [22, 23, 24], "summary": {"covered_lines": 3, "num_statements": 27, "percent_covered": 11.11111111111111, "percent_covered_display": "11", "missing_lines": 24, "excluded_lines": 0}, "missing_lines": [28, 29, 33, 34, 38, 52, 58, 59, 60, 61, 63, 64, 66, 67, 69, 70, 78, 79, 87, 88, 98, 99, 103, 107], "excluded_lines": []}, "": {"executed_lines": [3, 4, 5, 6, 8, 9, 12, 13, 14, 17, 18, 20, 26, 40, 96, 101, 105], "summary": {"covered_lines": 15, "num_statements": 15, "percent_covered": 100.0, "percent_covered_display": "100", "missing_lines": 0, "excluded_lines": 0}, "missing_lines": [], "excluded_lines": []}}}, "resend/rate_limiter.py": {"executed_lines": [], "summary": {"covered_lines": 0, "num_statements": 76, "percent_covered": 0.0, "percent_covered_display": "0", "missing_lines": 76, "excluded_lines": 0}, "missing_lines": [3, 4, 5, 6, 7, 10, 13, 26, 27, 28, 30, 31, 33, 35, 36, 39, 40, 43, 44, 47, 48, 50, 52, 54, 55, 56, 57, 58, 60, 62, 64, 66, 69, 70, 72, 74, 76, 77, 79, 80, 84, 87, 94, 96, 97, 99, 100, 106, 110, 113, 116, 119, 122, 125, 128, 131, 133, 135, 137, 139, 140, 141, 144, 145, 146, 149, 156, 157, 160, 166, 167, 169, 170, 171, 173, 174], "excluded_lines": [], "functions": {"RateLimiter.__init__": {"executed_lines": [], "summary": {"covered_lines": 0, "num_statements": 5, "percent_covered": 0.0, "percent_covered_display": "0", "missing_lines": 5, "excluded_lines": 0}, "missing_lines": [26, 27, 28, 30, 31], "excluded_lines": []}, "RateLimiter.acquire": {"executed_lines": [], "summary": {"covered_lines": 0, "num_statements": 8, "percent_covered": 0.0, "percent_covered_display": "0", "missing_lines": 8, "excluded_lines": 0}, "missing_lines": [35, 36, 39, 40, 43, 44, 47, 48], "excluded_lines": []}, "RateLimiter.wait_for_slot": {"executed_lines": [], "summary": {"covered_lines": 0, "num_statements": 8, "percent_covered": 0.0, "percent_covered_display": "0", "missing_lines": 8, "excluded_lines": 0}, "missing_lines": [52, 54, 55, 56, 57, 58, 60, 62], "excluded_lines": []}, "RateLimiter.get_remaining_requests": {"executed_lines": [], "summary": {"covered_lines": 0, "num_statements": 4, "percent_covered": 0.0, "percent_covered_display": "0", "missing_lines": 4, "excluded_lines": 0}, "missing_lines": [66, 69, 70, 72], "excluded_lines": []}, "RateLimiter.get_reset_time": {"executed_lines": [], "summary": {"covered_lines": 0, "num_statements": 4, "percent_covered": 0.0, "percent_covered_display": "0", "missing_lines": 4, "excluded_lines": 0}, "missing_lines": [76, 77, 79, 80], "excluded_lines": []}, "get_rate_limiter": {"executed_lines": [], "summary": {"covered_lines": 0, "num_statements": 6, "percent_covered": 0.0, "percent_covered_display": "0", "missing_lines": 6, "excluded_lines": 0}, "missing_lines": [94, 96, 97, 99, 100, 106], "excluded_lines": []}, "get_resend_limiter": {"executed_lines": [], "summary": {"covered_lines": 0, "num_statements": 1, "percent_covered": 0.0, "percent_covered_display": "0", "missing_lines": 1, "excluded_lines": 0}, "missing_lines": [113], "excluded_lines": []}, "get_mailgun_limiter": {"executed_lines": [], "summary": {"covered_lines": 0, "num_statements": 1, "percent_covered": 0.0, "percent_covered_display": "0", "missing_lines": 1, "excluded_lines": 0}, "missing_lines": [119], "excluded_lines": []}, "get_sendgrid_limiter": {"executed_lines": [], "summary": {"covered_lines": 0, "num_statements": 1, "percent_covered": 0.0, "percent_covered_display": "0", "missing_lines": 1, "excluded_lines": 0}, "missing_lines": [125], "excluded_lines": []}, "RateLimitedClient.__init__": {"executed_lines": [], "summary": {"covered_lines": 0, "num_statements": 1, "percent_covered": 0.0, "percent_covered_display": "0", "missing_lines": 1, "excluded_lines": 0}, "missing_lines": [133], "excluded_lines": []}, "RateLimitedClient.make_request": {"executed_lines": [], "summary": {"covered_lines": 0, "num_statements": 7, "percent_covered": 0.0, "percent_covered_display": "0", "missing_lines": 7, "excluded_lines": 0}, "missing_lines": [137, 139, 140, 141, 144, 145, 146], "excluded_lines": []}, "with_rate_limit": {"executed_lines": [], "summary": {"covered_lines": 0, "num_statements": 2, "percent_covered": 0.0, "percent_covered_display": "0", "missing_lines": 2, "excluded_lines": 0}, "missing_lines": [156, 157], "excluded_lines": []}, "rate_limited": {"executed_lines": [], "summary": {"covered_lines": 0, "num_statements": 2, "percent_covered": 0.0, "percent_covered_display": "0", "missing_lines": 2, "excluded_lines": 0}, "missing_lines": [166, 174], "excluded_lines": []}, "rate_limited.decorator": {"executed_lines": [], "summary": {"covered_lines": 0, "num_statements": 3, "percent_covered": 0.0, "percent_covered_display": "0", "missing_lines": 3, "excluded_lines": 0}, "missing_lines": [167, 169, 173], "excluded_lines": []}, "rate_limited.decorator.wrapper": {"executed_lines": [], "summary": {"covered_lines": 0, "num_statements": 2, "percent_covered": 0.0, "percent_covered_display": "0", "missing_lines": 2, "excluded_lines": 0}, "missing_lines": [170, 171], "excluded_lines": []}, "": {"executed_lines": [], "summary": {"covered_lines": 0, "num_statements": 21, "percent_covered": 0.0, "percent_covered_display": "0", "missing_lines": 21, "excluded_lines": 0}, "missing_lines": [3, 4, 5, 6, 7, 10, 13, 33, 50, 64, 74, 84, 87, 110, 116, 122, 128, 131, 135, 149, 160], "excluded_lines": []}}, "classes": {"RateLimiter": {"executed_lines": [], "summary": {"covered_lines": 0, "num_statements": 29, "percent_covered": 0.0, "percent_covered_display": "0", "missing_lines": 29, "excluded_lines": 0}, "missing_lines": [26, 27, 28, 30, 31, 35, 36, 39, 40, 43, 44, 47, 48, 52, 54, 55, 56, 57, 58, 60, 62, 66, 69, 70, 72, 76, 77, 79, 80], "excluded_lines": []}, "RateLimitedClient": {"executed_lines": [], "summary": {"covered_lines": 0, "num_statements": 8, "percent_covered": 0.0, "percent_covered_display": "0", "missing_lines": 8, "excluded_lines": 0}, "missing_lines": [133, 137, 139, 140, 141, 144, 145, 146], "excluded_lines": []}, "": {"executed_lines": [], "summary": {"covered_lines": 0, "num_statements": 39, "percent_covered": 0.0, "percent_covered_display": "0", "missing_lines": 39, "excluded_lines": 0}, "missing_lines": [3, 4, 5, 6, 7, 10, 13, 33, 50, 64, 74, 84, 87, 94, 96, 97, 99, 100, 106, 110, 113, 116, 119, 122, 125, 128, 131, 135, 149, 156, 157, 160, 166, 167, 169, 170, 171, 173, 174], "excluded_lines": []}}}, "resend/retry.py": {"executed_lines": [], "summary": {"covered_lines": 0, "num_statements": 57, "percent_covered": 0.0, "percent_covered_display": "0", "missing_lines": 57, "excluded_lines": 0}, "missing_lines": [3, 4, 5, 6, 7, 9, 12, 38, 40, 41, 42, 43, 44, 46, 48, 51, 54, 55, 57, 60, 61, 64, 80, 81, 82, 83, 93, 94, 97, 99, 102, 104, 107, 111, 112, 115, 116, 119, 120, 121, 123, 126, 127, 128, 131, 134, 142, 143, 144, 145, 146, 147, 150, 152, 155, 157, 159], "excluded_lines": [], "functions": {"retry_with_backoff": {"executed_lines": [], "summary": {"covered_lines": 0, "num_statements": 14, "percent_covered": 0.0, "percent_covered_display": "0", "missing_lines": 14, "excluded_lines": 0}, "missing_lines": [38, 40, 41, 42, 43, 44, 46, 48, 51, 54, 55, 57, 60, 61], "excluded_lines": []}, "retry": {"executed_lines": [], "summary": {"covered_lines": 0, "num_statements": 3, "percent_covered": 0.0, "percent_covered_display": "0", "missing_lines": 3, "excluded_lines": 0}, "missing_lines": [80, 81, 94], "excluded_lines": []}, "retry.decorator": {"executed_lines": [], "summary": {"covered_lines": 0, "num_statements": 2, "percent_covered": 0.0, "percent_covered_display": "0", "missing_lines": 2, "excluded_lines": 0}, "missing_lines": [82, 93], "excluded_lines": []}, "retry.decorator.wrapper": {"executed_lines": [], "summary": {"covered_lines": 0, "num_statements": 1, "percent_covered": 0.0, "percent_covered_display": "0", "missing_lines": 1, "excluded_lines": 0}, "missing_lines": [83], "excluded_lines": []}, "is_retryable_error": {"executed_lines": [], "summary": {"covered_lines": 0, "num_statements": 12, "percent_covered": 0.0, "percent_covered_display": "0", "missing_lines": 12, "excluded_lines": 0}, "missing_lines": [111, 112, 115, 116, 119, 120, 121, 123, 126, 127, 128, 131], "excluded_lines": []}, "smart_retry": {"executed_lines": [], "summary": {"covered_lines": 0, "num_statements": 11, "percent_covered": 0.0, "percent_covered_display": "0", "missing_lines": 11, "excluded_lines": 0}, "missing_lines": [142, 143, 144, 145, 146, 147, 150, 152, 155, 157, 159], "excluded_lines": []}, "": {"executed_lines": [], "summary": {"covered_lines": 0, "num_statements": 14, "percent_covered": 0.0, "percent_covered_display": "0", "missing_lines": 14, "excluded_lines": 0}, "missing_lines": [3, 4, 5, 6, 7, 9, 12, 64, 97, 99, 102, 104, 107, 134], "excluded_lines": []}}, "classes": {"RetryableError": {"executed_lines": [], "summary": {"covered_lines": 0, "num_statements": 0, "percent_covered": 100.0, "percent_covered_display": "100", "missing_lines": 0, "excluded_lines": 0}, "missing_lines": [], "excluded_lines": []}, "NonRetryableError": {"executed_lines": [], "summary": {"covered_lines": 0, "num_statements": 0, "percent_covered": 100.0, "percent_covered_display": "100", "missing_lines": 0, "excluded_lines": 0}, "missing_lines": [], "excluded_lines": []}, "": {"executed_lines": [], "summary": {"covered_lines": 0, "num_statements": 57, "percent_covered": 0.0, "percent_covered_display": "0", "missing_lines": 57, "excluded_lines": 0}, "missing_lines": [3, 4, 5, 6, 7, 9, 12, 38, 40, 41, 42, 43, 44, 46, 48, 51, 54, 55, 57, 60, 61, 64, 80, 81, 82, 83, 93, 94, 97, 99, 102, 104, 107, 111, 112, 115, 116, 119, 120, 121, 123, 126, 127, 128, 131, 134, 142, 143, 144, 145, 146, 147, 150, 152, 155, 157, 159], "excluded_lines": []}}}, "stats/__init__.py": {"executed_lines": [1], "summary": {"covered_lines": 0, "num_statements": 0, "percent_covered": 100.0, "percent_covered_display": "100", "missing_lines": 0, "excluded_lines": 0}, "missing_lines": [], "excluded_lines": [], "functions": {"": {"executed_lines": [1], "summary": {"covered_lines": 0, "num_statements": 0, "percent_covered": 100.0, "percent_covered_display": "100", "missing_lines": 0, "excluded_lines": 0}, "missing_lines": [], "excluded_lines": []}}, "classes": {"": {"executed_lines": [1], "summary": {"covered_lines": 0, "num_statements": 0, "percent_covered": 100.0, "percent_covered_display": "100", "missing_lines": 0, "excluded_lines": 0}, "missing_lines": [], "excluded_lines": []}}}, "stats/aggregator.py": {"executed_lines": [3, 4, 5, 6, 9, 10, 12, 14, 23, 25, 27, 33, 35, 36, 38, 40, 41, 43, 45, 52, 54, 56, 58, 59, 61, 63, 66, 74, 76, 77, 78, 79, 80, 82, 84, 86, 88, 89, 94, 96, 98, 100, 109], "summary": {"covered_lines": 42, "num_statements": 42, "percent_covered": 100.0, "percent_covered_display": "100", "missing_lines": 0, "excluded_lines": 0}, "missing_lines": [], "excluded_lines": [], "functions": {"StatsAggregator.__init__": {"executed_lines": [14, 23], "summary": {"covered_lines": 2, "num_statements": 2, "percent_covered": 100.0, "percent_covered_display": "100", "missing_lines": 0, "excluded_lines": 0}, "missing_lines": [], "excluded_lines": []}, "StatsAggregator.add_event": {"executed_lines": [27, 33, 35, 36], "summary": {"covered_lines": 4, "num_statements": 4, "percent_covered": 100.0, "percent_covered_display": "100", "missing_lines": 0, "excluded_lines": 0}, "missing_lines": [], "excluded_lines": []}, "StatsAggregator.increment": {"executed_lines": [40, 41], "summary": {"covered_lines": 2, "num_statements": 2, "percent_covered": 100.0, "percent_covered_display": "100", "missing_lines": 0, "excluded_lines": 0}, "missing_lines": [], "excluded_lines": []}, "StatsAggregator.get_stats": {"executed_lines": [45], "summary": {"covered_lines": 1, "num_statements": 1, "percent_covered": 100.0, "percent_covered_display": "100", "missing_lines": 0, "excluded_lines": 0}, "missing_lines": [], "excluded_lines": []}, "StatsAggregator.snapshot": {"executed_lines": [54], "summary": {"covered_lines": 1, "num_statements": 1, "percent_covered": 100.0, "percent_covered_display": "100", "missing_lines": 0, "excluded_lines": 0}, "missing_lines": [], "excluded_lines": []}, "StatsAggregator.add": {"executed_lines": [58, 59, 61, 63, 66], "summary": {"covered_lines": 5, "num_statements": 5, "percent_covered": 100.0, "percent_covered_display": "100", "missing_lines": 0, "excluded_lines": 0}, "missing_lines": [], "excluded_lines": []}, "StatsAggregator._calculate_success_rate": {"executed_lines": [76, 77, 78, 79, 80], "summary": {"covered_lines": 5, "num_statements": 5, "percent_covered": 100.0, "percent_covered_display": "100", "missing_lines": 0, "excluded_lines": 0}, "missing_lines": [], "excluded_lines": []}, "StatsAggregator.get_events_by_type": {"executed_lines": [84], "summary": {"covered_lines": 1, "num_statements": 1, "percent_covered": 100.0, "percent_covered_display": "100", "missing_lines": 0, "excluded_lines": 0}, "missing_lines": [], "excluded_lines": []}, "StatsAggregator.get_events_by_timeframe": {"executed_lines": [88, 89], "summary": {"covered_lines": 2, "num_statements": 2, "percent_covered": 100.0, "percent_covered_display": "100", "missing_lines": 0, "excluded_lines": 0}, "missing_lines": [], "excluded_lines": []}, "StatsAggregator.export_stats": {"executed_lines": [96], "summary": {"covered_lines": 1, "num_statements": 1, "percent_covered": 100.0, "percent_covered_display": "100", "missing_lines": 0, "excluded_lines": 0}, "missing_lines": [], "excluded_lines": []}, "StatsAggregator.reset": {"executed_lines": [100, 109], "summary": {"covered_lines": 2, "num_statements": 2, "percent_covered": 100.0, "percent_covered_display": "100", "missing_lines": 0, "excluded_lines": 0}, "missing_lines": [], "excluded_lines": []}, "": {"executed_lines": [3, 4, 5, 6, 9, 10, 12, 25, 38, 43, 52, 56, 74, 82, 86, 94, 98], "summary": {"covered_lines": 16, "num_statements": 16, "percent_covered": 100.0, "percent_covered_display": "100", "missing_lines": 0, "excluded_lines": 0}, "missing_lines": [], "excluded_lines": []}}, "classes": {"StatsAggregator": {"executed_lines": [14, 23, 27, 33, 35, 36, 40, 41, 45, 54, 58, 59, 61, 63, 66, 76, 77, 78, 79, 80, 84, 88, 89, 96, 100, 109], "summary": {"covered_lines": 26, "num_statements": 26, "percent_covered": 100.0, "percent_covered_display": "100", "missing_lines": 0, "excluded_lines": 0}, "missing_lines": [], "excluded_lines": []}, "": {"executed_lines": [3, 4, 5, 6, 9, 10, 12, 25, 38, 43, 52, 56, 74, 82, 86, 94, 98], "summary": {"covered_lines": 16, "num_statements": 16, "percent_covered": 100.0, "percent_covered_display": "100", "missing_lines": 0, "excluded_lines": 0}, "missing_lines": [], "excluded_lines": []}}}, "templating/__init__.py": {"executed_lines": [1], "summary": {"covered_lines": 0, "num_statements": 0, "percent_covered": 100.0, "percent_covered_display": "100", "missing_lines": 0, "excluded_lines": 0}, "missing_lines": [], "excluded_lines": [], "functions": {"": {"executed_lines": [1], "summary": {"covered_lines": 0, "num_statements": 0, "percent_covered": 100.0, "percent_covered_display": "100", "missing_lines": 0, "excluded_lines": 0}, "missing_lines": [], "excluded_lines": []}}, "classes": {"": {"executed_lines": [1], "summary": {"covered_lines": 0, "num_statements": 0, "percent_covered": 100.0, "percent_covered_display": "100", "missing_lines": 0, "excluded_lines": 0}, "missing_lines": [], "excluded_lines": []}}}, "templating/engine.py": {"executed_lines": [3, 4, 5, 6, 7, 8, 11, 12, 14, 15, 16, 18, 20, 22, 24, 27, 28, 30, 32, 33, 38, 40, 41, 42, 43, 44, 46, 48, 49, 50, 54, 56, 57, 58, 59, 63, 65, 66, 67, 69, 71, 72, 74, 80, 82, 83, 86, 88, 93, 94, 101, 102, 103], "summary": {"covered_lines": 50, "num_statements": 54, "percent_covered": 92.5925925925926, "percent_covered_display": "93", "missing_lines": 4, "excluded_lines": 0}, "missing_lines": [51, 52, 60, 61], "excluded_lines": [], "functions": {"HTMLToTextParser.__init__": {"executed_lines": [15, 16], "summary": {"covered_lines": 2, "num_statements": 2, "percent_covered": 100.0, "percent_covered_display": "100", "missing_lines": 0, "excluded_lines": 0}, "missing_lines": [], "excluded_lines": []}, "HTMLToTextParser.handle_data": {"executed_lines": [20], "summary": {"covered_lines": 1, "num_statements": 1, "percent_covered": 100.0, "percent_covered_display": "100", "missing_lines": 0, "excluded_lines": 0}, "missing_lines": [], "excluded_lines": []}, "HTMLToTextParser.get_text": {"executed_lines": [24], "summary": {"covered_lines": 1, "num_statements": 1, "percent_covered": 100.0, "percent_covered_display": "100", "missing_lines": 0, "excluded_lines": 0}, "missing_lines": [], "excluded_lines": []}, "TemplateEngine.__init__": {"executed_lines": [32, 33], "summary": {"covered_lines": 2, "num_statements": 2, "percent_covered": 100.0, "percent_covered_display": "100", "missing_lines": 0, "excluded_lines": 0}, "missing_lines": [], "excluded_lines": []}, "TemplateEngine.render_template": {"executed_lines": [40, 41, 42, 43, 44], "summary": {"covered_lines": 5, "num_statements": 5, "percent_covered": 100.0, "percent_covered_display": "100", "missing_lines": 0, "excluded_lines": 0}, "missing_lines": [], "excluded_lines": []}, "TemplateEngine.render_string": {"executed_lines": [48, 49, 50], "summary": {"covered_lines": 3, "num_statements": 5, "percent_covered": 60.0, "percent_covered_display": "60", "missing_lines": 2, "excluded_lines": 0}, "missing_lines": [51, 52], "excluded_lines": []}, "TemplateEngine.render": {"executed_lines": [56, 57, 58, 59], "summary": {"covered_lines": 4, "num_statements": 6, "percent_covered": 66.66666666666667, "percent_covered_display": "67", "missing_lines": 2, "excluded_lines": 0}, "missing_lines": [60, 61], "excluded_lines": []}, "TemplateEngine.html_to_text": {"executed_lines": [65, 66, 67], "summary": {"covered_lines": 3, "num_statements": 3, "percent_covered": 100.0, "percent_covered_display": "100", "missing_lines": 0, "excluded_lines": 0}, "missing_lines": [], "excluded_lines": []}, "TemplateEngine.preview_template": {"executed_lines": [71, 72, 74], "summary": {"covered_lines": 3, "num_statements": 3, "percent_covered": 100.0, "percent_covered_display": "100", "missing_lines": 0, "excluded_lines": 0}, "missing_lines": [], "excluded_lines": []}, "TemplateEngine.validate_template": {"executed_lines": [82, 83, 86, 88, 93, 94], "summary": {"covered_lines": 6, "num_statements": 6, "percent_covered": 100.0, "percent_covered_display": "100", "missing_lines": 0, "excluded_lines": 0}, "missing_lines": [], "excluded_lines": []}, "": {"executed_lines": [3, 4, 5, 6, 7, 8, 11, 12, 14, 18, 22, 27, 28, 30, 38, 46, 54, 63, 69, 80, 101, 102, 103], "summary": {"covered_lines": 20, "num_statements": 20, "percent_covered": 100.0, "percent_covered_display": "100", "missing_lines": 0, "excluded_lines": 0}, "missing_lines": [], "excluded_lines": []}}, "classes": {"HTMLToTextParser": {"executed_lines": [15, 16, 20, 24], "summary": {"covered_lines": 4, "num_statements": 4, "percent_covered": 100.0, "percent_covered_display": "100", "missing_lines": 0, "excluded_lines": 0}, "missing_lines": [], "excluded_lines": []}, "TemplateEngine": {"executed_lines": [32, 33, 40, 41, 42, 43, 44, 48, 49, 50, 56, 57, 58, 59, 65, 66, 67, 71, 72, 74, 82, 83, 86, 88, 93, 94], "summary": {"covered_lines": 26, "num_statements": 30, "percent_covered": 86.66666666666667, "percent_covered_display": "87", "missing_lines": 4, "excluded_lines": 0}, "missing_lines": [51, 52, 60, 61], "excluded_lines": []}, "TemplateError": {"executed_lines": [], "summary": {"covered_lines": 0, "num_statements": 0, "percent_covered": 100.0, "percent_covered_display": "100", "missing_lines": 0, "excluded_lines": 0}, "missing_lines": [], "excluded_lines": []}, "": {"executed_lines": [3, 4, 5, 6, 7, 8, 11, 12, 14, 18, 22, 27, 28, 30, 38, 46, 54, 63, 69, 80, 101, 102, 103], "summary": {"covered_lines": 20, "num_statements": 20, "percent_covered": 100.0, "percent_covered_display": "100", "missing_lines": 0, "excluded_lines": 0}, "missing_lines": [], "excluded_lines": []}}}, "validation/__init__.py": {"executed_lines": [1], "summary": {"covered_lines": 0, "num_statements": 0, "percent_covered": 100.0, "percent_covered_display": "100", "missing_lines": 0, "excluded_lines": 0}, "missing_lines": [], "excluded_lines": [], "functions": {"": {"executed_lines": [1], "summary": {"covered_lines": 0, "num_statements": 0, "percent_covered": 100.0, "percent_covered_display": "100", "missing_lines": 0, "excluded_lines": 0}, "missing_lines": [], "excluded_lines": []}}, "classes": {"": {"executed_lines": [1], "summary": {"covered_lines": 0, "num_statements": 0, "percent_covered": 100.0, "percent_covered_display": "100", "missing_lines": 0, "excluded_lines": 0}, "missing_lines": [], "excluded_lines": []}}}, "validation/email_validator.py": {"executed_lines": [3, 4, 5, 6, 8, 11, 12, 15, 20, 24, 30, 31, 33, 35, 36, 38, 41, 42, 45, 47, 51, 52, 54, 57, 61, 65, 69, 72, 75, 77, 79, 80, 82, 87, 89, 91, 93, 95, 96, 98, 100, 106, 108, 109, 110, 111, 112, 116, 118, 120, 122, 123, 124, 126, 136, 138, 140, 141, 142, 143, 144, 146, 148, 172, 185, 191, 197, 218], "summary": {"covered_lines": 67, "num_statements": 105, "percent_covered": 63.80952380952381, "percent_covered_display": "64", "missing_lines": 38, "excluded_lines": 0}, "missing_lines": [58, 62, 66, 70, 73, 113, 114, 150, 152, 153, 155, 158, 164, 165, 166, 167, 168, 170, 175, 176, 179, 182, 187, 188, 193, 194, 206, 207, 210, 211, 213, 214, 215, 220, 222, 230, 231, 232], "excluded_lines": [], "functions": {"EmailValidator.__init__": {"executed_lines": [30, 31], "summary": {"covered_lines": 2, "num_statements": 2, "percent_covered": 100.0, "percent_covered_display": "100", "missing_lines": 0, "excluded_lines": 0}, "missing_lines": [], "excluded_lines": []}, "EmailValidator.is_valid": {"executed_lines": [35, 36, 38, 41, 42, 45], "summary": {"covered_lines": 6, "num_statements": 6, "percent_covered": 100.0, "percent_covered_display": "100", "missing_lines": 0, "excluded_lines": 0}, "missing_lines": [], "excluded_lines": []}, "EmailValidator._additional_checks": {"executed_lines": [51, 52, 54, 57, 61, 65, 69, 72, 75], "summary": {"covered_lines": 9, "num_statements": 14, "percent_covered": 64.28571428571429, "percent_covered_display": "64", "missing_lines": 5, "excluded_lines": 0}, "missing_lines": [58, 62, 66, 70, 73], "excluded_lines": []}, "EmailValidator.normalize": {"executed_lines": [79, 80, 82, 87], "summary": {"covered_lines": 4, "num_statements": 4, "percent_covered": 100.0, "percent_covered_display": "100", "missing_lines": 0, "excluded_lines": 0}, "missing_lines": [], "excluded_lines": []}, "EmailValidator.normalize_email": {"executed_lines": [91], "summary": {"covered_lines": 1, "num_statements": 1, "percent_covered": 100.0, "percent_covered_display": "100", "missing_lines": 0, "excluded_lines": 0}, "missing_lines": [], "excluded_lines": []}, "EmailValidator.extract_domain": {"executed_lines": [95, 96, 98], "summary": {"covered_lines": 3, "num_statements": 3, "percent_covered": 100.0, "percent_covered_display": "100", "missing_lines": 0, "excluded_lines": 0}, "missing_lines": [], "excluded_lines": []}, "EmailValidator.validate_batch": {"executed_lines": [106, 108, 109, 110, 111, 112, 116], "summary": {"covered_lines": 7, "num_statements": 9, "percent_covered": 77.77777777777777, "percent_covered_display": "78", "missing_lines": 2, "excluded_lines": 0}, "missing_lines": [113, 114], "excluded_lines": []}, "EmailValidator.get_validation_summary": {"executed_lines": [120, 122, 123, 124, 126], "summary": {"covered_lines": 5, "num_statements": 5, "percent_covered": 100.0, "percent_covered_display": "100", "missing_lines": 0, "excluded_lines": 0}, "missing_lines": [], "excluded_lines": []}, "EmailValidator.get_domain_statistics": {"executed_lines": [138, 140, 141, 142, 143, 144, 146], "summary": {"covered_lines": 7, "num_statements": 7, "percent_covered": 100.0, "percent_covered_display": "100", "missing_lines": 0, "excluded_lines": 0}, "missing_lines": [], "excluded_lines": []}, "EmailValidator.get_typo_suggestions": {"executed_lines": [], "summary": {"covered_lines": 0, "num_statements": 11, "percent_covered": 0.0, "percent_covered_display": "0", "missing_lines": 11, "excluded_lines": 0}, "missing_lines": [150, 152, 153, 155, 158, 164, 165, 166, 167, 168, 170], "excluded_lines": []}, "EmailValidator._is_similar_domain": {"executed_lines": [], "summary": {"covered_lines": 0, "num_statements": 4, "percent_covered": 0.0, "percent_covered_display": "0", "missing_lines": 4, "excluded_lines": 0}, "missing_lines": [175, 176, 179, 182], "excluded_lines": []}, "validate_email": {"executed_lines": [], "summary": {"covered_lines": 0, "num_statements": 2, "percent_covered": 0.0, "percent_covered_display": "0", "missing_lines": 2, "excluded_lines": 0}, "missing_lines": [187, 188], "excluded_lines": []}, "normalize_email": {"executed_lines": [], "summary": {"covered_lines": 0, "num_statements": 2, "percent_covered": 0.0, "percent_covered_display": "0", "missing_lines": 2, "excluded_lines": 0}, "missing_lines": [193, 194], "excluded_lines": []}, "parse_email_with_name": {"executed_lines": [], "summary": {"covered_lines": 0, "num_statements": 7, "percent_covered": 0.0, "percent_covered_display": "0", "missing_lines": 7, "excluded_lines": 0}, "missing_lines": [206, 207, 210, 211, 213, 214, 215], "excluded_lines": []}, "": {"executed_lines": [3, 4, 5, 6, 8, 11, 12, 15, 20, 24, 33, 47, 77, 89, 93, 100, 118, 136, 148, 172, 185, 191, 197, 218], "summary": {"covered_lines": 23, "num_statements": 28, "percent_covered": 82.14285714285714, "percent_covered_display": "82", "missing_lines": 5, "excluded_lines": 0}, "missing_lines": [220, 222, 230, 231, 232], "excluded_lines": []}}, "classes": {"EmailValidator": {"executed_lines": [30, 31, 35, 36, 38, 41, 42, 45, 51, 52, 54, 57, 61, 65, 69, 72, 75, 79, 80, 82, 87, 91, 95, 96, 98, 106, 108, 109, 110, 111, 112, 116, 120, 122, 123, 124, 126, 138, 140, 141, 142, 143, 144, 146], "summary": {"covered_lines": 44, "num_statements": 66, "percent_covered": 66.66666666666667, "percent_covered_display": "67", "missing_lines": 22, "excluded_lines": 0}, "missing_lines": [58, 62, 66, 70, 73, 113, 114, 150, 152, 153, 155, 158, 164, 165, 166, 167, 168, 170, 175, 176, 179, 182], "excluded_lines": []}, "": {"executed_lines": [3, 4, 5, 6, 8, 11, 12, 15, 20, 24, 33, 47, 77, 89, 93, 100, 118, 136, 148, 172, 185, 191, 197, 218], "summary": {"covered_lines": 23, "num_statements": 39, "percent_covered": 58.97435897435897, "percent_covered_display": "59", "missing_lines": 16, "excluded_lines": 0}, "missing_lines": [187, 188, 193, 194, 206, 207, 210, 211, 213, 214, 215, 220, 222, 230, 231, 232], "excluded_lines": []}}}}, "totals": {"covered_lines": 980, "num_statements": 1461, "percent_covered": 67.07734428473648, "percent_covered_display": "67", "missing_lines": 481, "excluded_lines": 15}}